 *****          file of input data set *******
:poly
 &vvod
 @ 1 tvel  cell@   rcel(1,1)=0.29,0.34,0.48,
                   ncelsos(1,1)=1,3,4
 @ 2 tvel  cell@   rcel(1,2)=0.29,0.34,0.48,
                   ncelsos(1,2)=2,3,4
 @ 3 svp-1 cell@   rcel(1,3)=0.29,0.34,0.48,
                   ncelsos(1,3)=5,3,4,
 @ 4 svp-2 cell@   rcel(1,4)=0.175,0.225,0.48,
                   ncelsos(1,4)=5,3,4,
 @ 5 pal       @   rcel(1,5)=0.29,0.34,0.48,
                   ncelsos(1,5)=6,7,4,
 @ 6 km        @   rcel(1,6)=0.39,0.48,
                   ncelsos(1,6)=3,4,
                                                                                                                        
  t=0.6590e+03, 0.5970e+03, 0.5830e+03, 0.5830e+03, 0.5830e+03, 0.5830e+03,
@-----------------------------------------------------------------------
 troiz=
 @         1 tv_1       2 tv_2   3 zr_ob_tv     4 h2o       5 svp       6 pel      7 ob_pel
 @ *h*  @ 0.0000000 , 0.0000000 , 0.0000000 , 4.655e-02 , 0.0000000 , 4.655e-02 , 0.0000000 ,
 @ *o*  @ 0.0000000 , 0.0000000 , 0.0000000 , 2.327e-02 , 0.0000000 , 2.327e-02 , 0.0000000 ,
 @ zr   @ 0.0000000 , 0.0000000 , 4.287e-02 , 0.0000000 , 0.0000000 , 0.0000000 , 0.0000000 ,
 @ u235 @ 0.0000000 , 0.0000000 , 0.0000000 , 0.0000000 , 0.0000000 , 0.0000000 , 0.0000000 ,
 @ u238 @ 1.432e-02 , 1.473e-02 , 0.0000000 , 0.0000000 , 0.0000000 , 0.0000000 , 0.0000000 ,
 @ o    @ 4.400e-02 , 4.400e-02 , 0.0000000 , 0.0000000 , 3.789e-02 , 0.0000000 , 0.0000000 ,
 @ n    @ 0.0000000 , 0.0000000 , 0.0000000 , 0.0000000 , 0.0000000 , 0.0000000 , 0.0000000 ,
 @ *c*  @ 0.0000000 , 0.0000000 , 0.0000000 , 0.0000000 , 0.0000000 , 0.0000000 , 0.0000000 ,
 @ al   @ 0.0057980 , 0.0057980 , 0.0000000 , 0.0000000 , 0.0000000 , 0.0000000 , 0.0000000 ,
 @ b-10 @ 0.0000000 , 0.0000000 , 0.0000000 , 0.0000000 , 0.0000000 , 0.0000000 , 0.0000000 ,
 @ c    @ 0.0000000 , 0.0000000 , 0.0000000 , 0.0000000 , 0.0000000 , 0.0000000 , 0.0000000 ,
 @ gd55 @ 0.0000000 , 0.0000000 , 0.0000000 , 0.0000000 , 3.739e-03 , 0.0000000 , 0.0000000 ,
 @ gd57 @ 0.0000000 , 0.0000000 , 0.0000000 , 0.0000000 , 3.966e-03 , 0.0000000 , 0.0000000 ,
 @ ni   @ 0.0000000 , 0.0000000 , 0.0000000 , 0.0000000 , 0.0000000 , 0.0000000 , 0.0520000 ,
 @ cr   @ 0.0000000 , 0.0000000 , 0.0000000 , 0.0000000 , 0.0000000 , 0.0000000 , 0.0350000 ,
 @ pu39 @ 3.432e-03 , 3.203e-03 , 0.0000000 , 0.0000000 , 0.0000000 , 0.0000000 , 0.0000000 ,
 @ pu40 @ 1.584e-03 , 1.478e-03 , 0.0000000 , 0.0000000 , 0.0000000 , 0.0000000 , 0.0000000 ,
 @ pu41 @ 9.900e-04 , 9.240e-04 , 0.0000000 , 0.0000000 , 0.0000000 , 0.0000000 , 0.0000000 ,
@-----------------------------------------------------------------------
 ntcell=1,2,3,4,5,6,
 krat= 51,18,9,6,7,36,
 alout=
       0.5882 , 0.1372 , 0.1176 , 0.0000 , 0.0000 , 0.1586,
       0.3888 , 0.3333 , 0.0000 , 0.2222 , 0.0555 , 0.0000,
       0.6666 , 0.0000 , 0.0000 , 0.0000 , 0.0000 , 0.3333,
       0.0000 , 0.6666 , 0.0000 , 0.0000 , 0.3333 , 0.0000,
       0.0000 , 0.1428 , 0.0000 , 0.2857 , 0.5714 , 0.0000,
       0.2222 , 0.0000 , 0.0833 , 0.0000 , 0.0000 , 0.6944,
                                                                                                                        
 material(1)='chmc',
 &end
*h*
*o*
zr
u235
u238
o
n
*c*
al
b-10
c
gd55
gd57
ni
cr
pu39
pu40
pu41
****
:corr
 &vvod &end
:fier
 &vvod &end
:macro
 &vvod
  et=10.5e+6,2.15,2.15,0.,
 @nbv=1,1,1,1,1,1,1,1,1,1,1,1,1,1,
 &end
@:stop
                                                                                                                        
@ 1 step - 300. days!----------
:burn
 &vvod qv=103.361,dtim=300.0,
 &end
:corr
 &vvod &end
:fier
 &vvod &end
@ 1 step - 300. days!----------
:burn
 &vvod qv=103.361,dtim=300.0,
 &end
:corr
 &vvod &end
:fier
 &vvod &end
@ 1 step - 150. days!----------
:burn
 &vvod qv=103.361,dtim=150.0,
 &end
:corr
 &vvod &end
:fier
 &vvod &end
:stop
 ***** end of   file of input data set *******
:poly                                                                           
  rout and rin were constructed
Rout= 0.290, 0.340, 0.480, 0.290, 0.340, 0.480, 0.290, 0.340, 0.480, 0.175,
 0.225, 0.480, 0.290, 0.340, 0.480, 0.390, 0.480,
Rin = 0.000, 0.290, 0.340, 0.000, 0.290, 0.340, 0.000, 0.290, 0.340, 0.000,
 0.175, 0.225, 0.000, 0.290, 0.340, 0.000, 0.390,
  nsos  was constructed
nsos=  1,  3,  4,  2,  3,  4,  5,  3,  4,  5,
  3,  4,  6,  7,  4,  3,  4,
 definition izotr in sos           1:izotr=   5.000000    
 definition izotr in sos           2:izotr=   5.000000    
  *******<< check input data>> programm declare *******
    --undeclared parametr--cefzad  -- programm standart value --cefzad  =  0.100000E+01
  *******<< check input data>> programm declare *******
    --undeclared parametr--bakl    -- programm standart value --bakl    =  0.000000E+00
  *******<< check input data>> programm declare *******
    --undeclared parametr--alin    -- programm standart value --alin    =  0.000000E+00  0.000000E+00
     0.000000E+00  0.000000E+00  0.000000E+00  0.000000E+00  0.000000E+00  0.000000E+00  0.000000E+00
     0.000000E+00  0.000000E+00  0.000000E+00  0.000000E+00  0.000000E+00  0.000000E+00  0.000000E+00
     0.000000E+00  0.000000E+00  0.000000E+00  0.000000E+00  0.000000E+00  0.000000E+00  0.000000E+00
     0.000000E+00  0.000000E+00  0.000000E+00  0.000000E+00  0.000000E+00  0.000000E+00  0.000000E+00
     0.000000E+00  0.000000E+00  0.000000E+00  0.000000E+00  0.000000E+00  0.000000E+00
  *******<< check input data>> programm declare *******
    --undeclared parametr--alcorr  -- programm standart value --alcorr  =  0.100000E+01  0.100000E+01
     0.100000E+01  0.100000E+01  0.100000E+01  0.100000E+01  0.100000E+01  0.100000E+01  0.100000E+01
     0.100000E+01  0.100000E+01  0.100000E+01  0.100000E+01  0.100000E+01  0.100000E+01  0.100000E+01
     0.100000E+01  0.100000E+01  0.100000E+01  0.100000E+01  0.100000E+01  0.100000E+01  0.100000E+01
     0.100000E+01  0.100000E+01  0.100000E+01  0.100000E+01  0.100000E+01  0.100000E+01  0.100000E+01
     0.100000E+01  0.100000E+01  0.100000E+01  0.100000E+01  0.100000E+01  0.100000E+01
  *******<< check input data>> programm declare *******
    --uncorrected definition--alin    --bat programm use this value --alin      0.000000E+00  0.000000E+00
     0.000000E+00  0.000000E+00  0.000000E+00  0.000000E+00  0.000000E+00  0.000000E+00  0.000000E+00
     0.000000E+00  0.000000E+00  0.000000E+00  0.000000E+00  0.000000E+00  0.000000E+00  0.000000E+00
     0.000000E+00  0.000000E+00  0.000000E+00  0.000000E+00  0.000000E+00  0.000000E+00  0.000000E+00
     0.000000E+00  0.000000E+00  0.000000E+00  0.000000E+00  0.000000E+00  0.000000E+00  0.000000E+00
     0.000000E+00  0.000000E+00  0.000000E+00  0.000000E+00  0.000000E+00  0.000000E+00
  *******<< check input data>> programm declare *******
    --uncorrected definition--alout   --bat programm use this value --alout     0.588200E+00  0.137200E+00
     0.117600E+00  0.000000E+00  0.000000E+00  0.158600E+00  0.388800E+00  0.333300E+00  0.000000E+00
     0.222200E+00  0.555000E-01  0.000000E+00  0.666600E+00  0.000000E+00  0.000000E+00  0.000000E+00
     0.000000E+00  0.333300E+00  0.000000E+00  0.666600E+00  0.000000E+00  0.000000E+00  0.333300E+00
     0.000000E+00  0.000000E+00  0.142800E+00  0.000000E+00  0.285700E+00  0.571400E+00  0.000000E+00
     0.222200E+00  0.000000E+00  0.833000E-01  0.000000E+00  0.000000E+00  0.694400E+00
  *******<< check input data>> programm declare *******
    --undeclared parametr--nbv     -- programm standart value --nbv     =    1    1    1    1    1    1
       1    1    1    1    1    1    1    1    1    1    1
  *******<< check input data>> programm declare *******
    --undeclared parametr--et      -- programm standart value --et      =  0.105000E+08  0.215000E+01
     0.215000E+01  0.000000E+00
    ????  storage for pr. getter =     1700 ?? common /rrr/ rab(        0 )  ????
 ------------------------------------------------------------------------------
  backling =  0.0000000E+00
 ------------------------------------------------------------------------------
  number of cells =           6
          cell number    1  number of zone= 3
 << geometry characteristics >>
    geometry of cell- cilindrical index=           2
  kratnost of cell =   51.00000    
  inner radius of cell =  0.0000000E+00
  out square ratio =  0.5882000      0.1372000      0.1176000      0.0000000E+00
  0.0000000E+00  0.1586000    
 ------------------------------------------------------------------------------
 num zone      1           2           3
 radius   0.29000E+00 0.34000E+00 0.48000E+00
 temper   0.65900E+03 0.58300E+03 0.58300E+03
 rez_izot    u238        bad         bad 
 ------------------------------------------------------------------------------
    izotop   /             concentration number of izotops=69
  1 *h*      0.00000E+00 0.00000E+00 0.46550E-01
  2 *o*      0.00000E+00 0.00000E+00 0.23270E-01
  3 zr       0.00000E+00 0.42870E-01 0.00000E+00
  5 u238     0.14320E-01 0.00000E+00 0.00000E+00
  6 o        0.44000E-01 0.00000E+00 0.00000E+00
  9 al       0.57980E-02 0.00000E+00 0.00000E+00
 16 pu39     0.34320E-02 0.00000E+00 0.00000E+00
 17 pu40     0.15840E-02 0.00000E+00 0.00000E+00
 18 pu41     0.99000E-03 0.00000E+00 0.00000E+00
 ------------------------------------------------------------------------------
  number of cells =           6
          cell number    2  number of zone= 3
 << geometry characteristics >>
    geometry of cell- cilindrical index=           2
  kratnost of cell =   18.00000    
  inner radius of cell =  0.0000000E+00
  out square ratio =  0.3888000      0.3333000      0.0000000E+00  0.2222000    
  5.5500001E-02  0.0000000E+00
 ------------------------------------------------------------------------------
 num zone      4           5           6
 radius   0.29000E+00 0.34000E+00 0.48000E+00
 temper   0.59700E+03 0.58300E+03 0.58300E+03
 rez_izot    u238        bad         bad 
 ------------------------------------------------------------------------------
    izotop   /             concentration number of izotops=69
  1 *h*      0.00000E+00 0.00000E+00 0.46550E-01
  2 *o*      0.00000E+00 0.00000E+00 0.23270E-01
  3 zr       0.00000E+00 0.42870E-01 0.00000E+00
  5 u238     0.14730E-01 0.00000E+00 0.00000E+00
  6 o        0.44000E-01 0.00000E+00 0.00000E+00
  9 al       0.57980E-02 0.00000E+00 0.00000E+00
 16 pu39     0.32030E-02 0.00000E+00 0.00000E+00
 17 pu40     0.14780E-02 0.00000E+00 0.00000E+00
 18 pu41     0.92400E-03 0.00000E+00 0.00000E+00
 ------------------------------------------------------------------------------
  number of cells =           6
          cell number    3  number of zone= 3
 << geometry characteristics >>
    geometry of cell- cilindrical index=           2
  kratnost of cell =   9.000000    
  inner radius of cell =  0.0000000E+00
  out square ratio =  0.6666000      0.0000000E+00  0.0000000E+00  0.0000000E+00
  0.0000000E+00  0.3333000    
 ------------------------------------------------------------------------------
 num zone      7           8           9
 radius   0.29000E+00 0.34000E+00 0.48000E+00
 temper   0.58300E+03 0.58300E+03 0.58300E+03
 rez_izot    bad         bad         bad 
 ------------------------------------------------------------------------------
    izotop   /             concentration number of izotops=69
  1 *h*      0.00000E+00 0.00000E+00 0.46550E-01
  2 *o*      0.00000E+00 0.00000E+00 0.23270E-01
  3 zr       0.00000E+00 0.42870E-01 0.00000E+00
  6 o        0.37890E-01 0.00000E+00 0.00000E+00
 12 gd55     0.37390E-02 0.00000E+00 0.00000E+00
 13 gd57     0.39660E-02 0.00000E+00 0.00000E+00
 ------------------------------------------------------------------------------
  number of cells =           6
          cell number    4  number of zone= 3
 << geometry characteristics >>
    geometry of cell- cilindrical index=           2
  kratnost of cell =   6.000000    
  inner radius of cell =  0.0000000E+00
  out square ratio =  0.0000000E+00  0.6666000      0.0000000E+00  0.0000000E+00
  0.3333000      0.0000000E+00
 ------------------------------------------------------------------------------
 num zone     10          11          12
 radius   0.17500E+00 0.22500E+00 0.48000E+00
 temper   0.58300E+03 0.58300E+03 0.58300E+03
 rez_izot    bad         bad         bad 
 ------------------------------------------------------------------------------
    izotop   /             concentration number of izotops=69
  1 *h*      0.00000E+00 0.00000E+00 0.46550E-01
  2 *o*      0.00000E+00 0.00000E+00 0.23270E-01
  3 zr       0.00000E+00 0.42870E-01 0.00000E+00
  6 o        0.37890E-01 0.00000E+00 0.00000E+00
 12 gd55     0.37390E-02 0.00000E+00 0.00000E+00
 13 gd57     0.39660E-02 0.00000E+00 0.00000E+00
 ------------------------------------------------------------------------------
  number of cells =           6
          cell number    5  number of zone= 3
 << geometry characteristics >>
    geometry of cell- cilindrical index=           2
  kratnost of cell =   7.000000    
  inner radius of cell =  0.0000000E+00
  out square ratio =  0.0000000E+00  0.1428000      0.0000000E+00  0.2857000    
  0.5714000      0.0000000E+00
 ------------------------------------------------------------------------------
 num zone     13          14          15
 radius   0.29000E+00 0.34000E+00 0.48000E+00
 temper   0.58300E+03 0.30000E+03 0.58300E+03
 rez_izot    bad         bad         bad 
 ------------------------------------------------------------------------------
    izotop   /             concentration number of izotops=69
  1 *h*      0.46550E-01 0.00000E+00 0.46550E-01
  2 *o*      0.23270E-01 0.00000E+00 0.23270E-01
 14 ni       0.00000E+00 0.52000E-01 0.00000E+00
 15 cr       0.00000E+00 0.35000E-01 0.00000E+00
 ------------------------------------------------------------------------------
  number of cells =           6
          cell number    6  number of zone= 2
 << geometry characteristics >>
    geometry of cell- cilindrical index=           2
  kratnost of cell =   36.00000    
  inner radius of cell =  0.0000000E+00
  out square ratio =  0.2222000      0.0000000E+00  8.3300002E-02  0.0000000E+00
  0.0000000E+00  0.6944000    
 ------------------------------------------------------------------------------
 num zone     16          17
 radius   0.39000E+00 0.48000E+00
 temper   0.58300E+03 0.58300E+03
 rez_izot    bad         bad 
 ------------------------------------------------------------------------------
    izotop   /             concentration number of izotops=69
  1 *h*      0.00000E+00 0.46550E-01
  2 *o*      0.00000E+00 0.23270E-01
  3 zr       0.42870E-01 0.00000E+00
    > CONSYST Program Ver: 98.01 > started at  0: 0: 0:  
    { Manturov G., E-mail: abbn@ippe.rssi.ru}
 
       -------------------------------
 
       CONSYST INPUT DATA READ FROM : cons.dat
       CONSYST PROTOCOL STORED IN   : RESULT
       GMF X-SECTION'S FILE         : OUT
       TEMPORARY FILE               : RAB
       ABBN BASIC DATA SET FROM     : .\get-93\bin\Bnab90.lib
       ABBN MULTIC DATA SET FROM    : .\get-93\bin\Bnabmlt.lib
       ABBN THERMAL DATA SET FROM   : .\get-93\bin\BNABTHM.lib
 
    >>  K-inf(MLT)= 1.91542 Balance= 1.00310 NU= 3.01 FI-Sum=  6.76E+01
    >   Include Thermal Matrix > H(H2O):BNABTHM.BIN   Temp=  500K
    >   Include Thermal Matrix > H(H2O):BNABTHM.BIN   Temp=  600K
    >>  K-inf(MLT)= 1.86098 Balance= 1.00315 NU= 3.00 FI-Sum=  6.99E+01
    >   Include Thermal Matrix > H(H2O):BNABTHM.BIN   Temp=  500K
    >   Include Thermal Matrix > H(H2O):BNABTHM.BIN   Temp=  600K
    >   Include Thermal Matrix > H(H2O):BNABTHM.BIN   Temp=  500K
    >   Include Thermal Matrix > H(H2O):BNABTHM.BIN   Temp=  600K
    >   Include Thermal Matrix > H(H2O):BNABTHM.BIN   Temp=  500K
    >   Include Thermal Matrix > H(H2O):BNABTHM.BIN   Temp=  600K
    >   Include Thermal Matrix > H(H2O):BNABTHM.BIN   Temp=  500K
    >   Include Thermal Matrix > H(H2O):BNABTHM.BIN   Temp=  600K
    >   Include Thermal Matrix > H(H2O):BNABTHM.BIN   Temp=  500K
    >   Include Thermal Matrix > H(H2O):BNABTHM.BIN   Temp=  600K
    > CONSYST finished at  0: 0: 0:  
 therm. calculation avoided
 therm. calculation avoided
 therm. calculation avoided
 therm. calculation avoided
 therm. calculation avoided
 therm. calculation avoided
 therm. calculation avoided
 *************************************************
   ***k(inf)= 1.13177     ***k(itt)= 1.16094     ***k(integ)= 1.13177    ***
   **bakl=  0.0000     **length= 0.10000E+11  ***
   **matr.  alout*alcorr a(k,i)(k=1,ncel) ***
     * 0.58820     0.13720     0.11760      0.0000      0.0000     0.15860    
     * 0.38880     0.33330      0.0000     0.22220     0.55500E-01  0.0000    
     * 0.66660      0.0000      0.0000      0.0000      0.0000     0.33330    
     *  0.0000     0.66660      0.0000      0.0000     0.33330      0.0000    
     *  0.0000     0.14280      0.0000     0.28570     0.57140      0.0000    
     * 0.22220      0.0000     0.83300E-01  0.0000      0.0000     0.69440    
 lokal kner      in cell ,ru=           1=  0.9838645      0.9824713    
 lokal kner      in cell ,ru=           2=   1.045717       1.049665    
 lokal kner      in cell ,ru=           3=  0.0000000E+00   1.295338    
 lokal kner      in cell ,ru=           4=  0.0000000E+00  0.8088251    
 lokal kner      in cell ,ru=           5=  0.0000000E+00  7.1504131E-02
 lokal kner      in cell ,ru=           6=  0.0000000E+00  2.1716367E-02
:corr                                                                           
 ------------------------------------------------------------------------------
  backling =  0.0000000E+00
 ------------------------------------------------------------------------------
  number of cells =           6
          cell number    1  number of zone= 3
 << geometry characteristics >>
    geometry of cell- cilindrical index=           2
  kratnost of cell =   51.00000    
  inner radius of cell =  0.0000000E+00
  out square ratio =  0.5882000      0.1372000      0.1176000      0.0000000E+00
  0.0000000E+00  0.1586000    
 ------------------------------------------------------------------------------
 num zone      1           2           3
 radius   0.29000E+00 0.34000E+00 0.48000E+00
 temper   0.65900E+03 0.58300E+03 0.58300E+03
 rez_izot    u238        bad         bad 
 ------------------------------------------------------------------------------
    izotop   /             concentration number of izotops=69
  1 *h*      0.00000E+00 0.00000E+00 0.46550E-01
  2 *o*      0.00000E+00 0.00000E+00 0.23270E-01
  3 zr       0.00000E+00 0.42870E-01 0.00000E+00
  5 u238     0.14320E-01 0.00000E+00 0.00000E+00
  6 o        0.44000E-01 0.00000E+00 0.00000E+00
  9 al       0.57980E-02 0.00000E+00 0.00000E+00
 16 pu39     0.34320E-02 0.00000E+00 0.00000E+00
 17 pu40     0.15840E-02 0.00000E+00 0.00000E+00
 18 pu41     0.99000E-03 0.00000E+00 0.00000E+00
 ------------------------------------------------------------------------------
  number of cells =           6
          cell number    2  number of zone= 3
 << geometry characteristics >>
    geometry of cell- cilindrical index=           2
  kratnost of cell =   18.00000    
  inner radius of cell =  0.0000000E+00
  out square ratio =  0.3888000      0.3333000      0.0000000E+00  0.2222000    
  5.5500001E-02  0.0000000E+00
 ------------------------------------------------------------------------------
 num zone      4           5           6
 radius   0.29000E+00 0.34000E+00 0.48000E+00
 temper   0.59700E+03 0.58300E+03 0.58300E+03
 rez_izot    u238        bad         bad 
 ------------------------------------------------------------------------------
    izotop   /             concentration number of izotops=69
  1 *h*      0.00000E+00 0.00000E+00 0.46550E-01
  2 *o*      0.00000E+00 0.00000E+00 0.23270E-01
  3 zr       0.00000E+00 0.42870E-01 0.00000E+00
  5 u238     0.14730E-01 0.00000E+00 0.00000E+00
  6 o        0.44000E-01 0.00000E+00 0.00000E+00
  9 al       0.57980E-02 0.00000E+00 0.00000E+00
 16 pu39     0.32030E-02 0.00000E+00 0.00000E+00
 17 pu40     0.14780E-02 0.00000E+00 0.00000E+00
 18 pu41     0.92400E-03 0.00000E+00 0.00000E+00
 ------------------------------------------------------------------------------
  number of cells =           6
          cell number    3  number of zone= 3
 << geometry characteristics >>
    geometry of cell- cilindrical index=           2
  kratnost of cell =   9.000000    
  inner radius of cell =  0.0000000E+00
  out square ratio =  0.6666000      0.0000000E+00  0.0000000E+00  0.0000000E+00
  0.0000000E+00  0.3333000    
 ------------------------------------------------------------------------------
 num zone      7           8           9
 radius   0.29000E+00 0.34000E+00 0.48000E+00
 temper   0.58300E+03 0.58300E+03 0.58300E+03
 rez_izot    bad         bad         bad 
 ------------------------------------------------------------------------------
    izotop   /             concentration number of izotops=69
  1 *h*      0.00000E+00 0.00000E+00 0.46550E-01
  2 *o*      0.00000E+00 0.00000E+00 0.23270E-01
  3 zr       0.00000E+00 0.42870E-01 0.00000E+00
  6 o        0.37890E-01 0.00000E+00 0.00000E+00
 12 gd55     0.37390E-02 0.00000E+00 0.00000E+00
 13 gd57     0.39660E-02 0.00000E+00 0.00000E+00
 ------------------------------------------------------------------------------
  number of cells =           6
          cell number    4  number of zone= 3
 << geometry characteristics >>
    geometry of cell- cilindrical index=           2
  kratnost of cell =   6.000000    
  inner radius of cell =  0.0000000E+00
  out square ratio =  0.0000000E+00  0.6666000      0.0000000E+00  0.0000000E+00
  0.3333000      0.0000000E+00
 ------------------------------------------------------------------------------
 num zone     10          11          12
 radius   0.17500E+00 0.22500E+00 0.48000E+00
 temper   0.58300E+03 0.58300E+03 0.58300E+03
 rez_izot    bad         bad         bad 
 ------------------------------------------------------------------------------
    izotop   /             concentration number of izotops=69
  1 *h*      0.00000E+00 0.00000E+00 0.46550E-01
  2 *o*      0.00000E+00 0.00000E+00 0.23270E-01
  3 zr       0.00000E+00 0.42870E-01 0.00000E+00
  6 o        0.37890E-01 0.00000E+00 0.00000E+00
 12 gd55     0.37390E-02 0.00000E+00 0.00000E+00
 13 gd57     0.39660E-02 0.00000E+00 0.00000E+00
 ------------------------------------------------------------------------------
  number of cells =           6
          cell number    5  number of zone= 3
 << geometry characteristics >>
    geometry of cell- cilindrical index=           2
  kratnost of cell =   7.000000    
  inner radius of cell =  0.0000000E+00
  out square ratio =  0.0000000E+00  0.1428000      0.0000000E+00  0.2857000    
  0.5714000      0.0000000E+00
 ------------------------------------------------------------------------------
 num zone     13          14          15
 radius   0.29000E+00 0.34000E+00 0.48000E+00
 temper   0.58300E+03 0.30000E+03 0.58300E+03
 rez_izot    bad         bad         bad 
 ------------------------------------------------------------------------------
    izotop   /             concentration number of izotops=69
  1 *h*      0.46550E-01 0.00000E+00 0.46550E-01
  2 *o*      0.23270E-01 0.00000E+00 0.23270E-01
 14 ni       0.00000E+00 0.52000E-01 0.00000E+00
 15 cr       0.00000E+00 0.35000E-01 0.00000E+00
 ------------------------------------------------------------------------------
  number of cells =           6
          cell number    6  number of zone= 2
 << geometry characteristics >>
    geometry of cell- cilindrical index=           2
  kratnost of cell =   36.00000    
  inner radius of cell =  0.0000000E+00
  out square ratio =  0.2222000      0.0000000E+00  8.3300002E-02  0.0000000E+00
  0.0000000E+00  0.6944000    
 ------------------------------------------------------------------------------
 num zone     16          17
 radius   0.39000E+00 0.48000E+00
 temper   0.58300E+03 0.58300E+03
 rez_izot    bad         bad 
 ------------------------------------------------------------------------------
    izotop   /             concentration number of izotops=69
  1 *h*      0.00000E+00 0.46550E-01
  2 *o*      0.00000E+00 0.23270E-01
  3 zr       0.42870E-01 0.00000E+00
:fier                                                                           
 condensation boundary was changed from  0.21500E+01 to  0.21544E+01
*** 4 *** ;egr=  2.1544    
    keff         nu           mu           fi           teta
   1.1318       1.2810       2.8971      0.38760      0.78681    
 s0z(n)=    1.246112      0.0000000E+00  0.0000000E+00   1.261742    
  0.0000000E+00  0.0000000E+00  0.0000000E+00  0.0000000E+00  0.0000000E+00
  0.0000000E+00  0.0000000E+00  0.0000000E+00  0.0000000E+00  0.0000000E+00
  0.0000000E+00  0.0000000E+00  0.0000000E+00
:macro                                                                          
 condensation boundary was changed from  0.21500E+01 to  0.21544E+01
 condensation boundary was changed from  0.21500E+01 to  0.21544E+01
    -------------------------------------------------------------------------------
    * n group   * e(i)        * e(i+1)      *spect neutron fission  *
          1       0.10500E+08    2.1544           0.99882    
          2        2.1544        0.0000           0.12748E-08
    *******************************************************************************
                                       **    macro cross section    **
    *******************************************************************************
    ** n zone    1 vzone=  91.926     /  1  2  3  4  5  6  7  8  9 10 11 12 13 14 15 16 17
*grp*flux 1/cm2c  * stotal      * sabs        * sfis.       * nu$sfis.    * 1/3*strans  *1/aver.veloci*aver power
  1  0.4492679     0.4731016     0.1515690E-01 0.6240043E-02 0.1833827E-01  1.417566     0.9831220E-06  1.209896     0.6495262    
  2  0.1607755E-01  1.114590     0.2681382     0.9408750E-01 0.2702541     0.3838023     0.2060980E-05  1.007891     0.3504738    
                                       * matric. scat.cross. sec. from i to j  *
       i / j -->            1           2
       i        1 0.4483572     0.9587351E-02
       i        2 0.1747934E-03 0.8462774    
:burn                                                                           
 *** average burn up =   18.165     (mbt*day)/(kg hm)
    > CONSYST Program Ver: 98.01 > started at  0: 0: 0:  
    { Manturov G., E-mail: abbn@ippe.rssi.ru}
 
       -------------------------------
 
       CONSYST INPUT DATA READ FROM : cons.dat
       CONSYST PROTOCOL STORED IN   : RESULT
       GMF X-SECTION'S FILE         : OUT
       TEMPORARY FILE               : RAB
       ABBN BASIC DATA SET FROM     : .\get-93\bin\Bnab90.lib
       ABBN MULTIC DATA SET FROM    : .\get-93\bin\Bnabmlt.lib
       ABBN THERMAL DATA SET FROM   : .\get-93\bin\BNABTHM.lib
 
    >>  K-inf(MLT)= 1.85598 Balance= 1.00361 NU= 3.01 FI-Sum=  6.97E+01
    >   Include Thermal Matrix > H(H2O):BNABTHM.BIN   Temp=  500K
    >   Include Thermal Matrix > H(H2O):BNABTHM.BIN   Temp=  600K
    >>  K-inf(MLT)= 1.79443 Balance= 1.00369 NU= 3.00 FI-Sum=  7.22E+01
    >   Include Thermal Matrix > H(H2O):BNABTHM.BIN   Temp=  500K
    >   Include Thermal Matrix > H(H2O):BNABTHM.BIN   Temp=  600K
    >   Include Thermal Matrix > H(H2O):BNABTHM.BIN   Temp=  500K
    >   Include Thermal Matrix > H(H2O):BNABTHM.BIN   Temp=  600K
    >   Include Thermal Matrix > H(H2O):BNABTHM.BIN   Temp=  500K
    >   Include Thermal Matrix > H(H2O):BNABTHM.BIN   Temp=  600K
    >   Include Thermal Matrix > H(H2O):BNABTHM.BIN   Temp=  500K
    >   Include Thermal Matrix > H(H2O):BNABTHM.BIN   Temp=  600K
    >   Include Thermal Matrix > H(H2O):BNABTHM.BIN   Temp=  500K
    >   Include Thermal Matrix > H(H2O):BNABTHM.BIN   Temp=  600K
    > CONSYST finished at  0: 0: 0:  
 therm. calculation avoided
 therm. calculation avoided
 therm. calculation avoided
 therm. calculation avoided
 therm. calculation avoided
 therm. calculation avoided
 therm. calculation avoided
 therm. calculation avoided
 *************************************************
   ***k(inf)= 1.08039     ***k(itt)= 1.10836     ***k(integ)= 1.08039    ***
   **bakl=  0.0000     **length= 0.10000E+11  ***
   **matr.  alout*alcorr a(k,i)(k=1,ncel) ***
     * 0.58820     0.13720     0.11760      0.0000      0.0000     0.15860    
     * 0.38880     0.33330      0.0000     0.22220     0.55500E-01  0.0000    
     * 0.66660      0.0000      0.0000      0.0000      0.0000     0.33330    
     *  0.0000     0.66660      0.0000      0.0000     0.33330      0.0000    
     *  0.0000     0.14280      0.0000     0.28570     0.57140      0.0000    
     * 0.22220      0.0000     0.83300E-01  0.0000      0.0000     0.69440    
 lokal kner      in cell ,ru=           1=  0.9846250      0.9819795    
 lokal kner      in cell ,ru=           2=   1.043562       1.051058    
 lokal kner      in cell ,ru=           3=  0.0000000E+00   1.217821    
 lokal kner      in cell ,ru=           4=  0.0000000E+00  0.7449254    
 lokal kner      in cell ,ru=           5=  0.0000000E+00  7.1829304E-02
 lokal kner      in cell ,ru=           6=  0.0000000E+00  2.1613367E-02
:corr                                                                           
 ------------------------------------------------------------------------------
  backling =  0.0000000E+00
 ------------------------------------------------------------------------------
  number of cells =           6
          cell number    1  number of zone= 3
 << geometry characteristics >>
    geometry of cell- cilindrical index=           2
  kratnost of cell =   51.00000    
  inner radius of cell =  0.0000000E+00
  out square ratio =  0.5882000      0.1372000      0.1176000      0.0000000E+00
  0.0000000E+00  0.1586000    
 ------------------------------------------------------------------------------
 num zone      1           2           3
 radius   0.29000E+00 0.34000E+00 0.48000E+00
 temper   0.65900E+03 0.58300E+03 0.58300E+03
 rez_izot    u238        bad         bad 
 ------------------------------------------------------------------------------
    izotop   /             concentration number of izotops=69
  1 *h*      0.00000E+00 0.00000E+00 0.46550E-01
  2 *o*      0.00000E+00 0.00000E+00 0.23270E-01
  3 zr       0.00000E+00 0.42870E-01 0.00000E+00
  5 u238     0.14201E-01 0.00000E+00 0.00000E+00
  6 o        0.44000E-01 0.00000E+00 0.00000E+00
  9 al       0.57980E-02 0.00000E+00 0.00000E+00
 12 gd55     0.30182E-07 0.00000E+00 0.00000E+00
 13 gd57     0.13242E-06 0.00000E+00 0.00000E+00
 16 pu39     0.31571E-02 0.00000E+00 0.00000E+00
 17 pu40     0.15802E-02 0.00000E+00 0.00000E+00
 18 pu41     0.93704E-03 0.00000E+00 0.00000E+00
 22 slag     0.14002E-03 0.00000E+00 0.00000E+00
 23 tc99     0.23066E-04 0.00000E+00 0.00000E+00
 24 rh03     0.23716E-04 0.00000E+00 0.00000E+00
 25 ag09     0.49577E-05 0.00000E+00 0.00000E+00
 26 cd13     0.23494E-06 0.00000E+00 0.00000E+00
 27 xe35     0.44171E-07 0.00000E+00 0.00000E+00
 28 sm49     0.23205E-05 0.00000E+00 0.00000E+00
 29 sm51     0.24928E-05 0.00000E+00 0.00000E+00
 30 eu55     0.45446E-06 0.00000E+00 0.00000E+00
 31 gd56     0.37791E-06 0.00000E+00 0.00000E+00
 32 np37     0.22720E-07 0.00000E+00 0.00000E+00
 33 np39     0.11604E-05 0.00000E+00 0.00000E+00
 34 pu38     0.72332E-06 0.00000E+00 0.00000E+00
 35 pu42     0.28257E-04 0.00000E+00 0.00000E+00
 36 am41     0.34463E-04 0.00000E+00 0.00000E+00
 37 am2m     0.25954E-06 0.00000E+00 0.00000E+00
 38 am43     0.22850E-05 0.00000E+00 0.00000E+00
 39 cm42     0.15389E-05 0.00000E+00 0.00000E+00
 40 cm44     0.16482E-06 0.00000E+00 0.00000E+00
 41 cm45     0.34565E-08 0.00000E+00 0.00000E+00
 46 sm52     0.26526E-05 0.00000E+00 0.00000E+00
 47 xe31     0.12794E-04 0.00000E+00 0.00000E+00
 48 cs33     0.25285E-04 0.00000E+00 0.00000E+00
 49 nd45     0.11893E-04 0.00000E+00 0.00000E+00
 50 nd43     0.16923E-04 0.00000E+00 0.00000E+00
 51 pm47     0.64699E-05 0.00000E+00 0.00000E+00
 52 mo95     0.17876E-04 0.00000E+00 0.00000E+00
 53 cs34     0.64649E-06 0.00000E+00 0.00000E+00
 54 pr41     0.19949E-04 0.00000E+00 0.00000E+00
 55 pm48     0.25956E-07 0.00000E+00 0.00000E+00
 56 pm8m     0.13021E-06 0.00000E+00 0.00000E+00
 57 rh05     0.14162E-06 0.00000E+00 0.00000E+00
 58 pm49     0.56962E-07 0.00000E+00 0.00000E+00
 59 kr83     0.10546E-05 0.00000E+00 0.00000E+00
 60 ru01     0.19152E-04 0.00000E+00 0.00000E+00
 61 pd05     0.20305E-04 0.00000E+00 0.00000E+00
 62 cs35     0.24896E-04 0.00000E+00 0.00000E+00
 63 sm50     0.28532E-05 0.00000E+00 0.00000E+00
 64 eu51     0.44610E-07 0.00000E+00 0.00000E+00
 65 eu53     0.33508E-06 0.00000E+00 0.00000E+00
 66 eu54     0.25328E-07 0.00000E+00 0.00000E+00
 67 gd54     0.43515E-09 0.00000E+00 0.00000E+00
 68 am42     0.17109E-07 0.00000E+00 0.00000E+00
 69 cm43     0.12917E-07 0.00000E+00 0.00000E+00
 ------------------------------------------------------------------------------
  number of cells =           6
          cell number    2  number of zone= 3
 << geometry characteristics >>
    geometry of cell- cilindrical index=           2
  kratnost of cell =   18.00000    
  inner radius of cell =  0.0000000E+00
  out square ratio =  0.3888000      0.3333000      0.0000000E+00  0.2222000    
  5.5500001E-02  0.0000000E+00
 ------------------------------------------------------------------------------
 num zone      4           5           6
 radius   0.29000E+00 0.34000E+00 0.48000E+00
 temper   0.59700E+03 0.58300E+03 0.58300E+03
 rez_izot    u238        bad         bad 
 ------------------------------------------------------------------------------
    izotop   /             concentration number of izotops=69
  1 *h*      0.00000E+00 0.00000E+00 0.46550E-01
  2 *o*      0.00000E+00 0.00000E+00 0.23270E-01
  3 zr       0.00000E+00 0.42870E-01 0.00000E+00
  5 u238     0.14606E-01 0.00000E+00 0.00000E+00
  6 o        0.44000E-01 0.00000E+00 0.00000E+00
  9 al       0.57980E-02 0.00000E+00 0.00000E+00
 12 gd55     0.28042E-07 0.00000E+00 0.00000E+00
 13 gd57     0.10423E-06 0.00000E+00 0.00000E+00
 16 pu39     0.29049E-02 0.00000E+00 0.00000E+00
 17 pu40     0.14740E-02 0.00000E+00 0.00000E+00
 18 pu41     0.87677E-03 0.00000E+00 0.00000E+00
 22 slag     0.14979E-03 0.00000E+00 0.00000E+00
 23 tc99     0.24412E-04 0.00000E+00 0.00000E+00
 24 rh03     0.25055E-04 0.00000E+00 0.00000E+00
 25 ag09     0.52154E-05 0.00000E+00 0.00000E+00
 26 cd13     0.21123E-06 0.00000E+00 0.00000E+00
 27 xe35     0.44912E-07 0.00000E+00 0.00000E+00
 28 sm49     0.19433E-05 0.00000E+00 0.00000E+00
 29 sm51     0.25378E-05 0.00000E+00 0.00000E+00
 30 eu55     0.44613E-06 0.00000E+00 0.00000E+00
 31 gd56     0.44256E-06 0.00000E+00 0.00000E+00
 32 np37     0.21034E-07 0.00000E+00 0.00000E+00
 33 np39     0.12109E-05 0.00000E+00 0.00000E+00
 34 pu38     0.74731E-06 0.00000E+00 0.00000E+00
 35 pu42     0.30155E-04 0.00000E+00 0.00000E+00
 36 am41     0.31898E-04 0.00000E+00 0.00000E+00
 37 am2m     0.26175E-06 0.00000E+00 0.00000E+00
 38 am43     0.25821E-05 0.00000E+00 0.00000E+00
 39 cm42     0.15893E-05 0.00000E+00 0.00000E+00
 40 cm44     0.19869E-06 0.00000E+00 0.00000E+00
 41 cm45     0.44151E-08 0.00000E+00 0.00000E+00
 46 sm52     0.28766E-05 0.00000E+00 0.00000E+00
 47 xe31     0.13517E-04 0.00000E+00 0.00000E+00
 48 cs33     0.26757E-04 0.00000E+00 0.00000E+00
 49 nd45     0.12579E-04 0.00000E+00 0.00000E+00
 50 nd43     0.17888E-04 0.00000E+00 0.00000E+00
 51 pm47     0.67851E-05 0.00000E+00 0.00000E+00
 52 mo95     0.18928E-04 0.00000E+00 0.00000E+00
 53 cs34     0.73078E-06 0.00000E+00 0.00000E+00
 54 pr41     0.21137E-04 0.00000E+00 0.00000E+00
 55 pm48     0.29042E-07 0.00000E+00 0.00000E+00
 56 pm8m     0.14026E-06 0.00000E+00 0.00000E+00
 57 rh05     0.14954E-06 0.00000E+00 0.00000E+00
 58 pm49     0.60567E-07 0.00000E+00 0.00000E+00
 59 kr83     0.11144E-05 0.00000E+00 0.00000E+00
 60 ru01     0.20290E-04 0.00000E+00 0.00000E+00
 61 pd05     0.21524E-04 0.00000E+00 0.00000E+00
 62 cs35     0.25418E-04 0.00000E+00 0.00000E+00
 63 sm50     0.35439E-05 0.00000E+00 0.00000E+00
 64 eu51     0.57570E-07 0.00000E+00 0.00000E+00
 65 eu53     0.39635E-06 0.00000E+00 0.00000E+00
 66 eu54     0.31375E-07 0.00000E+00 0.00000E+00
 67 gd54     0.53900E-09 0.00000E+00 0.00000E+00
 68 am42     0.17635E-07 0.00000E+00 0.00000E+00
 69 cm43     0.13750E-07 0.00000E+00 0.00000E+00
 ------------------------------------------------------------------------------
  number of cells =           6
          cell number    3  number of zone= 3
 << geometry characteristics >>
    geometry of cell- cilindrical index=           2
  kratnost of cell =   9.000000    
  inner radius of cell =  0.0000000E+00
  out square ratio =  0.6666000      0.0000000E+00  0.0000000E+00  0.0000000E+00
  0.0000000E+00  0.3333000    
 ------------------------------------------------------------------------------
 num zone      7           8           9
 radius   0.29000E+00 0.34000E+00 0.48000E+00
 temper   0.58300E+03 0.58300E+03 0.58300E+03
 rez_izot    bad         bad         bad 
 ------------------------------------------------------------------------------
    izotop   /             concentration number of izotops=69
  1 *h*      0.00000E+00 0.00000E+00 0.46550E-01
  2 *o*      0.00000E+00 0.00000E+00 0.23270E-01
  3 zr       0.00000E+00 0.42870E-01 0.00000E+00
  6 o        0.37890E-01 0.00000E+00 0.00000E+00
 12 gd55     0.32184E-02 0.00000E+00 0.00000E+00
 13 gd57     0.35048E-02 0.00000E+00 0.00000E+00
 22 slag     0.46686E-03 0.00000E+00 0.00000E+00
 31 gd56     0.51496E-03 0.00000E+00 0.00000E+00
 ------------------------------------------------------------------------------
  number of cells =           6
          cell number    4  number of zone= 3
 << geometry characteristics >>
    geometry of cell- cilindrical index=           2
  kratnost of cell =   6.000000    
  inner radius of cell =  0.0000000E+00
  out square ratio =  0.0000000E+00  0.6666000      0.0000000E+00  0.0000000E+00
  0.3333000      0.0000000E+00
 ------------------------------------------------------------------------------
 num zone     10          11          12
 radius   0.17500E+00 0.22500E+00 0.48000E+00
 temper   0.58300E+03 0.58300E+03 0.58300E+03
 rez_izot    bad         bad         bad 
 ------------------------------------------------------------------------------
    izotop   /             concentration number of izotops=69
  1 *h*      0.00000E+00 0.00000E+00 0.46550E-01
  2 *o*      0.00000E+00 0.00000E+00 0.23270E-01
  3 zr       0.00000E+00 0.42870E-01 0.00000E+00
  6 o        0.37890E-01 0.00000E+00 0.00000E+00
 12 gd55     0.30183E-02 0.00000E+00 0.00000E+00
 13 gd57     0.30931E-02 0.00000E+00 0.00000E+00
 22 slag     0.88159E-03 0.00000E+00 0.00000E+00
 31 gd56     0.71208E-03 0.00000E+00 0.00000E+00
 ------------------------------------------------------------------------------
  number of cells =           6
          cell number    5  number of zone= 3
 << geometry characteristics >>
    geometry of cell- cilindrical index=           2
  kratnost of cell =   7.000000    
  inner radius of cell =  0.0000000E+00
  out square ratio =  0.0000000E+00  0.1428000      0.0000000E+00  0.2857000    
  0.5714000      0.0000000E+00
 ------------------------------------------------------------------------------
 num zone     13          14          15
 radius   0.29000E+00 0.34000E+00 0.48000E+00
 temper   0.58300E+03 0.30000E+03 0.58300E+03
 rez_izot    bad         bad         bad 
 ------------------------------------------------------------------------------
    izotop   /             concentration number of izotops=69
  1 *h*      0.46550E-01 0.00000E+00 0.46550E-01
  2 *o*      0.23270E-01 0.00000E+00 0.23270E-01
 14 ni       0.00000E+00 0.52000E-01 0.00000E+00
 15 cr       0.00000E+00 0.35000E-01 0.00000E+00
 ------------------------------------------------------------------------------
  number of cells =           6
          cell number    6  number of zone= 2
 << geometry characteristics >>
    geometry of cell- cilindrical index=           2
  kratnost of cell =   36.00000    
  inner radius of cell =  0.0000000E+00
  out square ratio =  0.2222000      0.0000000E+00  8.3300002E-02  0.0000000E+00
  0.0000000E+00  0.6944000    
 ------------------------------------------------------------------------------
 num zone     16          17
 radius   0.39000E+00 0.48000E+00
 temper   0.58300E+03 0.58300E+03
 rez_izot    bad         bad 
 ------------------------------------------------------------------------------
    izotop   /             concentration number of izotops=69
  1 *h*      0.00000E+00 0.46550E-01
  2 *o*      0.00000E+00 0.23270E-01
  3 zr       0.42870E-01 0.00000E+00
:fier                                                                           
 condensation boundary was changed from  0.21500E+01 to  0.21544E+01
*** 4 *** ;egr=  2.1544    
    keff         nu           mu           fi           teta
   1.0804       1.2036       2.8886      0.39207      0.79255    
 s0z(n)=    1.246112      0.0000000E+00  0.0000000E+00   1.261742    
  0.0000000E+00  0.0000000E+00  0.0000000E+00  0.0000000E+00  0.0000000E+00
  0.0000000E+00  0.0000000E+00  0.0000000E+00  0.0000000E+00  0.0000000E+00
  0.0000000E+00  0.0000000E+00  0.0000000E+00
:burn                                                                           
 *** average burn up =   36.717     (mbt*day)/(kg hm)
    > CONSYST Program Ver: 98.01 > started at  0: 0: 0:  
    { Manturov G., E-mail: abbn@ippe.rssi.ru}
 
       -------------------------------
 
       CONSYST INPUT DATA READ FROM : cons.dat
       CONSYST PROTOCOL STORED IN   : RESULT
       GMF X-SECTION'S FILE         : OUT
       TEMPORARY FILE               : RAB
       ABBN BASIC DATA SET FROM     : .\get-93\bin\Bnab90.lib
       ABBN MULTIC DATA SET FROM    : .\get-93\bin\Bnabmlt.lib
       ABBN THERMAL DATA SET FROM   : .\get-93\bin\BNABTHM.lib
 
    >>  K-inf(MLT)= 1.79657 Balance= 1.00411 NU= 3.00 FI-Sum=  7.17E+01
    >   Include Thermal Matrix > H(H2O):BNABTHM.BIN   Temp=  500K
    >   Include Thermal Matrix > H(H2O):BNABTHM.BIN   Temp=  600K
    >>  K-inf(MLT)= 1.72785 Balance= 1.00422 NU= 3.00 FI-Sum=  7.45E+01
    >   Include Thermal Matrix > H(H2O):BNABTHM.BIN   Temp=  500K
    >   Include Thermal Matrix > H(H2O):BNABTHM.BIN   Temp=  600K
    >   Include Thermal Matrix > H(H2O):BNABTHM.BIN   Temp=  500K
    >   Include Thermal Matrix > H(H2O):BNABTHM.BIN   Temp=  600K
    >   Include Thermal Matrix > H(H2O):BNABTHM.BIN   Temp=  500K
    >   Include Thermal Matrix > H(H2O):BNABTHM.BIN   Temp=  600K
    >   Include Thermal Matrix > H(H2O):BNABTHM.BIN   Temp=  500K
    >   Include Thermal Matrix > H(H2O):BNABTHM.BIN   Temp=  600K
    >   Include Thermal Matrix > H(H2O):BNABTHM.BIN   Temp=  500K
    >   Include Thermal Matrix > H(H2O):BNABTHM.BIN   Temp=  600K
    > CONSYST finished at  0: 0: 0:  
 therm. calculation avoided
 therm. calculation avoided
 therm. calculation avoided
 therm. calculation avoided
 therm. calculation avoided
 therm. calculation avoided
 therm. calculation avoided
 therm. calculation avoided
 *************************************************
   ***k(inf)= 1.04630     ***k(itt)= 1.07353     ***k(integ)= 1.04630    ***
   **bakl=  0.0000     **length= 0.10000E+11  ***
   **matr.  alout*alcorr a(k,i)(k=1,ncel) ***
     * 0.58820     0.13720     0.11760      0.0000      0.0000     0.15860    
     * 0.38880     0.33330      0.0000     0.22220     0.55500E-01  0.0000    
     * 0.66660      0.0000      0.0000      0.0000      0.0000     0.33330    
     *  0.0000     0.66660      0.0000      0.0000     0.33330      0.0000    
     *  0.0000     0.14280      0.0000     0.28570     0.57140      0.0000    
     * 0.22220      0.0000     0.83300E-01  0.0000      0.0000     0.69440    
 lokal kner      in cell ,ru=           1=  0.9846413      0.9816321    
 lokal kner      in cell ,ru=           2=   1.043516       1.052043    
 lokal kner      in cell ,ru=           3=  0.0000000E+00   1.145561    
 lokal kner      in cell ,ru=           4=  0.0000000E+00  0.6827484    
 lokal kner      in cell ,ru=           5=  0.0000000E+00  7.2758667E-02
 lokal kner      in cell ,ru=           6=  0.0000000E+00  2.1577125E-02
:corr                                                                           
 ------------------------------------------------------------------------------
  backling =  0.0000000E+00
 ------------------------------------------------------------------------------
  number of cells =           6
          cell number    1  number of zone= 3
 << geometry characteristics >>
    geometry of cell- cilindrical index=           2
  kratnost of cell =   51.00000    
  inner radius of cell =  0.0000000E+00
  out square ratio =  0.5882000      0.1372000      0.1176000      0.0000000E+00
  0.0000000E+00  0.1586000    
 ------------------------------------------------------------------------------
 num zone      1           2           3
 radius   0.29000E+00 0.34000E+00 0.48000E+00
 temper   0.65900E+03 0.58300E+03 0.58300E+03
 rez_izot    u238        bad         bad 
 ------------------------------------------------------------------------------
    izotop   /             concentration number of izotops=69
  1 *h*      0.00000E+00 0.00000E+00 0.46550E-01
  2 *o*      0.00000E+00 0.00000E+00 0.23270E-01
  3 zr       0.00000E+00 0.42870E-01 0.00000E+00
  5 u238     0.14076E-01 0.00000E+00 0.00000E+00
  6 o        0.44000E-01 0.00000E+00 0.00000E+00
  9 al       0.57980E-02 0.00000E+00 0.00000E+00
 12 gd55     0.65836E-07 0.00000E+00 0.00000E+00
 13 gd57     0.14494E-06 0.00000E+00 0.00000E+00
 16 pu39     0.28922E-02 0.00000E+00 0.00000E+00
 17 pu40     0.15693E-02 0.00000E+00 0.00000E+00
 18 pu41     0.89059E-03 0.00000E+00 0.00000E+00
 22 slag     0.29163E-03 0.00000E+00 0.00000E+00
 23 tc99     0.45148E-04 0.00000E+00 0.00000E+00
 24 rh03     0.45707E-04 0.00000E+00 0.00000E+00
 25 ag09     0.89486E-05 0.00000E+00 0.00000E+00
 26 cd13     0.30871E-06 0.00000E+00 0.00000E+00
 27 xe35     0.43984E-07 0.00000E+00 0.00000E+00
 28 sm49     0.26417E-05 0.00000E+00 0.00000E+00
 29 sm51     0.39735E-05 0.00000E+00 0.00000E+00
 30 eu55     0.57187E-06 0.00000E+00 0.00000E+00
 31 gd56     0.10945E-05 0.00000E+00 0.00000E+00
 32 np37     0.80661E-07 0.00000E+00 0.00000E+00
 33 np39     0.12277E-05 0.00000E+00 0.00000E+00
 34 pu38     0.42850E-05 0.00000E+00 0.00000E+00
 35 pu42     0.54300E-04 0.00000E+00 0.00000E+00
 36 am41     0.61107E-04 0.00000E+00 0.00000E+00
 37 am2m     0.85817E-06 0.00000E+00 0.00000E+00
 38 am43     0.73015E-05 0.00000E+00 0.00000E+00
 39 cm42     0.42515E-05 0.00000E+00 0.00000E+00
 40 cm44     0.11134E-05 0.00000E+00 0.00000E+00
 41 cm45     0.49209E-07 0.00000E+00 0.00000E+00
 46 sm52     0.54544E-05 0.00000E+00 0.00000E+00
 47 xe31     0.24067E-04 0.00000E+00 0.00000E+00
 48 cs33     0.49131E-04 0.00000E+00 0.00000E+00
 49 nd45     0.23338E-04 0.00000E+00 0.00000E+00
 50 nd43     0.33371E-04 0.00000E+00 0.00000E+00
 51 pm47     0.10332E-04 0.00000E+00 0.00000E+00
 52 mo95     0.35318E-04 0.00000E+00 0.00000E+00
 53 cs34     0.23621E-05 0.00000E+00 0.00000E+00
 54 pr41     0.39804E-04 0.00000E+00 0.00000E+00
 55 pm48     0.41885E-07 0.00000E+00 0.00000E+00
 56 pm8m     0.22507E-06 0.00000E+00 0.00000E+00
 57 rh05     0.14124E-06 0.00000E+00 0.00000E+00
 58 pm49     0.58446E-07 0.00000E+00 0.00000E+00
 59 kr83     0.20748E-05 0.00000E+00 0.00000E+00
 60 ru01     0.37846E-04 0.00000E+00 0.00000E+00
 61 pd05     0.40197E-04 0.00000E+00 0.00000E+00
 62 cs35     0.49356E-04 0.00000E+00 0.00000E+00
 63 sm50     0.77509E-05 0.00000E+00 0.00000E+00
 64 eu51     0.22330E-06 0.00000E+00 0.00000E+00
 65 eu53     0.13783E-05 0.00000E+00 0.00000E+00
 66 eu54     0.20155E-06 0.00000E+00 0.00000E+00
 67 gd54     0.68844E-08 0.00000E+00 0.00000E+00
 68 am42     0.31843E-07 0.00000E+00 0.00000E+00
 69 cm43     0.74726E-07 0.00000E+00 0.00000E+00
 ------------------------------------------------------------------------------
  number of cells =           6
          cell number    2  number of zone= 3
 << geometry characteristics >>
    geometry of cell- cilindrical index=           2
  kratnost of cell =   18.00000    
  inner radius of cell =  0.0000000E+00
  out square ratio =  0.3888000      0.3333000      0.0000000E+00  0.2222000    
  5.5500001E-02  0.0000000E+00
 ------------------------------------------------------------------------------
 num zone      4           5           6
 radius   0.29000E+00 0.34000E+00 0.48000E+00
 temper   0.59700E+03 0.58300E+03 0.58300E+03
 rez_izot    u238        bad         bad 
 ------------------------------------------------------------------------------
    izotop   /             concentration number of izotops=69
  1 *h*      0.00000E+00 0.00000E+00 0.46550E-01
  2 *o*      0.00000E+00 0.00000E+00 0.23270E-01
  3 zr       0.00000E+00 0.42870E-01 0.00000E+00
  5 u238     0.14475E-01 0.00000E+00 0.00000E+00
  6 o        0.44000E-01 0.00000E+00 0.00000E+00
  9 al       0.57980E-02 0.00000E+00 0.00000E+00
 12 gd55     0.54361E-07 0.00000E+00 0.00000E+00
 13 gd57     0.10665E-06 0.00000E+00 0.00000E+00
 16 pu39     0.26204E-02 0.00000E+00 0.00000E+00
 17 pu40     0.14610E-02 0.00000E+00 0.00000E+00
 18 pu41     0.83573E-03 0.00000E+00 0.00000E+00
 22 slag     0.31214E-03 0.00000E+00 0.00000E+00
 23 tc99     0.47640E-04 0.00000E+00 0.00000E+00
 24 rh03     0.47993E-04 0.00000E+00 0.00000E+00
 25 ag09     0.93516E-05 0.00000E+00 0.00000E+00
 26 cd13     0.24806E-06 0.00000E+00 0.00000E+00
 27 xe35     0.44439E-07 0.00000E+00 0.00000E+00
 28 sm49     0.20443E-05 0.00000E+00 0.00000E+00
 29 sm51     0.38875E-05 0.00000E+00 0.00000E+00
 30 eu55     0.53883E-06 0.00000E+00 0.00000E+00
 31 gd56     0.12519E-05 0.00000E+00 0.00000E+00
 32 np37     0.74023E-07 0.00000E+00 0.00000E+00
 33 np39     0.12816E-05 0.00000E+00 0.00000E+00
 34 pu38     0.44122E-05 0.00000E+00 0.00000E+00
 35 pu42     0.57935E-04 0.00000E+00 0.00000E+00
 36 am41     0.56046E-04 0.00000E+00 0.00000E+00
 37 am2m     0.84252E-06 0.00000E+00 0.00000E+00
 38 am43     0.81980E-05 0.00000E+00 0.00000E+00
 39 cm42     0.43799E-05 0.00000E+00 0.00000E+00
 40 cm44     0.13362E-05 0.00000E+00 0.00000E+00
 41 cm45     0.62260E-07 0.00000E+00 0.00000E+00
 46 sm52     0.59020E-05 0.00000E+00 0.00000E+00
 47 xe31     0.25260E-04 0.00000E+00 0.00000E+00
 48 cs33     0.51808E-04 0.00000E+00 0.00000E+00
 49 nd45     0.24617E-04 0.00000E+00 0.00000E+00
 50 nd43     0.35152E-04 0.00000E+00 0.00000E+00
 51 pm47     0.10734E-04 0.00000E+00 0.00000E+00
 52 mo95     0.37302E-04 0.00000E+00 0.00000E+00
 53 cs34     0.26591E-05 0.00000E+00 0.00000E+00
 54 pr41     0.42099E-04 0.00000E+00 0.00000E+00
 55 pm48     0.46408E-07 0.00000E+00 0.00000E+00
 56 pm8m     0.23779E-06 0.00000E+00 0.00000E+00
 57 rh05     0.14869E-06 0.00000E+00 0.00000E+00
 58 pm49     0.62359E-07 0.00000E+00 0.00000E+00
 59 kr83     0.21850E-05 0.00000E+00 0.00000E+00
 60 ru01     0.40019E-04 0.00000E+00 0.00000E+00
 61 pd05     0.42534E-04 0.00000E+00 0.00000E+00
 62 cs35     0.50224E-04 0.00000E+00 0.00000E+00
 63 sm50     0.89758E-05 0.00000E+00 0.00000E+00
 64 eu51     0.26966E-06 0.00000E+00 0.00000E+00
 65 eu53     0.16326E-05 0.00000E+00 0.00000E+00
 66 eu54     0.24866E-06 0.00000E+00 0.00000E+00
 67 gd54     0.85117E-08 0.00000E+00 0.00000E+00
 68 am42     0.32708E-07 0.00000E+00 0.00000E+00
 69 cm43     0.78896E-07 0.00000E+00 0.00000E+00
 ------------------------------------------------------------------------------
  number of cells =           6
          cell number    3  number of zone= 3
 << geometry characteristics >>
    geometry of cell- cilindrical index=           2
  kratnost of cell =   9.000000    
  inner radius of cell =  0.0000000E+00
  out square ratio =  0.6666000      0.0000000E+00  0.0000000E+00  0.0000000E+00
  0.0000000E+00  0.3333000    
 ------------------------------------------------------------------------------
 num zone      7           8           9
 radius   0.29000E+00 0.34000E+00 0.48000E+00
 temper   0.58300E+03 0.58300E+03 0.58300E+03
 rez_izot    bad         bad         bad 
 ------------------------------------------------------------------------------
    izotop   /             concentration number of izotops=69
  1 *h*      0.00000E+00 0.00000E+00 0.46550E-01
  2 *o*      0.00000E+00 0.00000E+00 0.23270E-01
  3 zr       0.00000E+00 0.42870E-01 0.00000E+00
  6 o        0.37890E-01 0.00000E+00 0.00000E+00
 12 gd55     0.27241E-02 0.00000E+00 0.00000E+00
 13 gd57     0.30538E-02 0.00000E+00 0.00000E+00
 22 slag     0.93527E-03 0.00000E+00 0.00000E+00
 31 gd56     0.99190E-03 0.00000E+00 0.00000E+00
 ------------------------------------------------------------------------------
  number of cells =           6
          cell number    4  number of zone= 3
 << geometry characteristics >>
    geometry of cell- cilindrical index=           2
  kratnost of cell =   6.000000    
  inner radius of cell =  0.0000000E+00
  out square ratio =  0.0000000E+00  0.6666000      0.0000000E+00  0.0000000E+00
  0.3333000      0.0000000E+00
 ------------------------------------------------------------------------------
 num zone     10          11          12
 radius   0.17500E+00 0.22500E+00 0.48000E+00
 temper   0.58300E+03 0.58300E+03 0.58300E+03
 rez_izot    bad         bad         bad 
 ------------------------------------------------------------------------------
    izotop   /             concentration number of izotops=69
  1 *h*      0.00000E+00 0.00000E+00 0.46550E-01
  2 *o*      0.00000E+00 0.00000E+00 0.23270E-01
  3 zr       0.00000E+00 0.42870E-01 0.00000E+00
  6 o        0.37890E-01 0.00000E+00 0.00000E+00
 12 gd55     0.23544E-02 0.00000E+00 0.00000E+00
 13 gd57     0.22780E-02 0.00000E+00 0.00000E+00
 22 slag     0.17229E-02 0.00000E+00 0.00000E+00
 31 gd56     0.13497E-02 0.00000E+00 0.00000E+00
 ------------------------------------------------------------------------------
  number of cells =           6
          cell number    5  number of zone= 3
 << geometry characteristics >>
    geometry of cell- cilindrical index=           2
  kratnost of cell =   7.000000    
  inner radius of cell =  0.0000000E+00
  out square ratio =  0.0000000E+00  0.1428000      0.0000000E+00  0.2857000    
  0.5714000      0.0000000E+00
 ------------------------------------------------------------------------------
 num zone     13          14          15
 radius   0.29000E+00 0.34000E+00 0.48000E+00
 temper   0.58300E+03 0.30000E+03 0.58300E+03
 rez_izot    bad         bad         bad 
 ------------------------------------------------------------------------------
    izotop   /             concentration number of izotops=69
  1 *h*      0.46550E-01 0.00000E+00 0.46550E-01
  2 *o*      0.23270E-01 0.00000E+00 0.23270E-01
 14 ni       0.00000E+00 0.52000E-01 0.00000E+00
 15 cr       0.00000E+00 0.35000E-01 0.00000E+00
 ------------------------------------------------------------------------------
  number of cells =           6
          cell number    6  number of zone= 2
 << geometry characteristics >>
    geometry of cell- cilindrical index=           2
  kratnost of cell =   36.00000    
  inner radius of cell =  0.0000000E+00
  out square ratio =  0.2222000      0.0000000E+00  8.3300002E-02  0.0000000E+00
  0.0000000E+00  0.6944000    
 ------------------------------------------------------------------------------
 num zone     16          17
 radius   0.39000E+00 0.48000E+00
 temper   0.58300E+03 0.58300E+03
 rez_izot    bad         bad 
 ------------------------------------------------------------------------------
    izotop   /             concentration number of izotops=69
  1 *h*      0.00000E+00 0.46550E-01
  2 *o*      0.00000E+00 0.23270E-01
  3 zr       0.42870E-01 0.00000E+00
:fier                                                                           
 condensation boundary was changed from  0.21500E+01 to  0.21544E+01
*** 4 *** ;egr=  2.1544    
    keff         nu           mu           fi           teta
   1.0463       1.1684       2.8129      0.39902      0.79786    
 s0z(n)=    1.246112      0.0000000E+00  0.0000000E+00   1.261742    
  0.0000000E+00  0.0000000E+00  0.0000000E+00  0.0000000E+00  0.0000000E+00
  0.0000000E+00  0.0000000E+00  0.0000000E+00  0.0000000E+00  0.0000000E+00
  0.0000000E+00  0.0000000E+00  0.0000000E+00
:burn                                                                           
 *** average burn up =   46.312     (mbt*day)/(kg hm)
    > CONSYST Program Ver: 98.01 > started at  0: 0: 0:  
    { Manturov G., E-mail: abbn@ippe.rssi.ru}
 
       -------------------------------
 
       CONSYST INPUT DATA READ FROM : cons.dat
       CONSYST PROTOCOL STORED IN   : RESULT
       GMF X-SECTION'S FILE         : OUT
       TEMPORARY FILE               : RAB
       ABBN BASIC DATA SET FROM     : .\get-93\bin\Bnab90.lib
       ABBN MULTIC DATA SET FROM    : .\get-93\bin\Bnabmlt.lib
       ABBN THERMAL DATA SET FROM   : .\get-93\bin\BNABTHM.lib
 
    >>  K-inf(MLT)= 1.76609 Balance= 1.00436 NU= 3.00 FI-Sum=  7.28E+01
    >   Include Thermal Matrix > H(H2O):BNABTHM.BIN   Temp=  500K
    >   Include Thermal Matrix > H(H2O):BNABTHM.BIN   Temp=  600K
    >>  K-inf(MLT)= 1.69343 Balance= 1.00449 NU= 3.00 FI-Sum=  7.57E+01
    >   Include Thermal Matrix > H(H2O):BNABTHM.BIN   Temp=  500K
    >   Include Thermal Matrix > H(H2O):BNABTHM.BIN   Temp=  600K
    >   Include Thermal Matrix > H(H2O):BNABTHM.BIN   Temp=  500K
    >   Include Thermal Matrix > H(H2O):BNABTHM.BIN   Temp=  600K
    >   Include Thermal Matrix > H(H2O):BNABTHM.BIN   Temp=  500K
    >   Include Thermal Matrix > H(H2O):BNABTHM.BIN   Temp=  600K
    >   Include Thermal Matrix > H(H2O):BNABTHM.BIN   Temp=  500K
    >   Include Thermal Matrix > H(H2O):BNABTHM.BIN   Temp=  600K
    >   Include Thermal Matrix > H(H2O):BNABTHM.BIN   Temp=  500K
    >   Include Thermal Matrix > H(H2O):BNABTHM.BIN   Temp=  600K
    > CONSYST finished at  0: 0: 0:  
 therm. calculation avoided
 therm. calculation avoided
 therm. calculation avoided
 therm. calculation avoided
 therm. calculation avoided
 therm. calculation avoided
 therm. calculation avoided
 therm. calculation avoided
 *************************************************
   ***k(inf)= 1.03116     ***k(itt)= 1.05807     ***k(integ)= 1.03116    ***
   **bakl=  0.0000     **length= 0.10000E+11  ***
   **matr.  alout*alcorr a(k,i)(k=1,ncel) ***
     * 0.58820     0.13720     0.11760      0.0000      0.0000     0.15860    
     * 0.38880     0.33330      0.0000     0.22220     0.55500E-01  0.0000    
     * 0.66660      0.0000      0.0000      0.0000      0.0000     0.33330    
     *  0.0000     0.66660      0.0000      0.0000     0.33330      0.0000    
     *  0.0000     0.14280      0.0000     0.28570     0.57140      0.0000    
     * 0.22220      0.0000     0.83300E-01  0.0000      0.0000     0.69440    
 lokal kner      in cell ,ru=           1=  0.9846734      0.9814377    
 lokal kner      in cell ,ru=           2=   1.043425       1.052593    
 lokal kner      in cell ,ru=           3=  0.0000000E+00   1.108772    
 lokal kner      in cell ,ru=           4=  0.0000000E+00  0.6487463    
 lokal kner      in cell ,ru=           5=  0.0000000E+00  7.3339336E-02
 lokal kner      in cell ,ru=           6=  0.0000000E+00  2.1567633E-02
:corr                                                                           
 ------------------------------------------------------------------------------
  backling =  0.0000000E+00
 ------------------------------------------------------------------------------
  number of cells =           6
          cell number    1  number of zone= 3
 << geometry characteristics >>
    geometry of cell- cilindrical index=           2
  kratnost of cell =   51.00000    
  inner radius of cell =  0.0000000E+00
  out square ratio =  0.5882000      0.1372000      0.1176000      0.0000000E+00
  0.0000000E+00  0.1586000    
 ------------------------------------------------------------------------------
 num zone      1           2           3
 radius   0.29000E+00 0.34000E+00 0.48000E+00
 temper   0.65900E+03 0.58300E+03 0.58300E+03
 rez_izot    u238        bad         bad 
 ------------------------------------------------------------------------------
    izotop   /             concentration number of izotops=69
  1 *h*      0.00000E+00 0.00000E+00 0.46550E-01
  2 *o*      0.00000E+00 0.00000E+00 0.23270E-01
  3 zr       0.00000E+00 0.42870E-01 0.00000E+00
  5 u238     0.14010E-01 0.00000E+00 0.00000E+00
  6 o        0.44000E-01 0.00000E+00 0.00000E+00
  9 al       0.57980E-02 0.00000E+00 0.00000E+00
 12 gd55     0.76706E-07 0.00000E+00 0.00000E+00
 13 gd57     0.14149E-06 0.00000E+00 0.00000E+00
 16 pu39     0.27601E-02 0.00000E+00 0.00000E+00
 17 pu40     0.15615E-02 0.00000E+00 0.00000E+00
 18 pu41     0.86925E-03 0.00000E+00 0.00000E+00
 22 slag     0.37267E-03 0.00000E+00 0.00000E+00
 23 tc99     0.56015E-04 0.00000E+00 0.00000E+00
 24 rh03     0.56253E-04 0.00000E+00 0.00000E+00
 25 ag09     0.10675E-04 0.00000E+00 0.00000E+00
 26 cd13     0.31329E-06 0.00000E+00 0.00000E+00
 27 xe35     0.45056E-07 0.00000E+00 0.00000E+00
 28 sm49     0.25784E-05 0.00000E+00 0.00000E+00
 29 sm51     0.44390E-05 0.00000E+00 0.00000E+00
 30 eu55     0.59910E-06 0.00000E+00 0.00000E+00
 31 gd56     0.15176E-05 0.00000E+00 0.00000E+00
 32 np37     0.11847E-06 0.00000E+00 0.00000E+00
 33 np39     0.12881E-05 0.00000E+00 0.00000E+00
 34 pu38     0.72846E-05 0.00000E+00 0.00000E+00
 35 pu42     0.67182E-04 0.00000E+00 0.00000E+00
 36 am41     0.71773E-04 0.00000E+00 0.00000E+00
 37 am2m     0.12158E-05 0.00000E+00 0.00000E+00
 38 am43     0.10286E-04 0.00000E+00 0.00000E+00
 39 cm42     0.56758E-05 0.00000E+00 0.00000E+00
 40 cm44     0.20120E-05 0.00000E+00 0.00000E+00
 41 cm45     0.11320E-06 0.00000E+00 0.00000E+00
 46 sm52     0.68086E-05 0.00000E+00 0.00000E+00
 47 xe31     0.29251E-04 0.00000E+00 0.00000E+00
 48 cs33     0.60720E-04 0.00000E+00 0.00000E+00
 49 nd45     0.28977E-04 0.00000E+00 0.00000E+00
 50 nd43     0.41535E-04 0.00000E+00 0.00000E+00
 51 pm47     0.11682E-04 0.00000E+00 0.00000E+00
 52 mo95     0.44010E-04 0.00000E+00 0.00000E+00
 53 cs34     0.35414E-05 0.00000E+00 0.00000E+00
 54 pr41     0.49857E-04 0.00000E+00 0.00000E+00
 55 pm48     0.48056E-07 0.00000E+00 0.00000E+00
 56 pm8m     0.25728E-06 0.00000E+00 0.00000E+00
 57 rh05     0.14594E-06 0.00000E+00 0.00000E+00
 58 pm49     0.61098E-07 0.00000E+00 0.00000E+00
 59 kr83     0.25792E-05 0.00000E+00 0.00000E+00
 60 ru01     0.47168E-04 0.00000E+00 0.00000E+00
 61 pd05     0.50091E-04 0.00000E+00 0.00000E+00
 62 cs35     0.61521E-04 0.00000E+00 0.00000E+00
 63 sm50     0.10431E-04 0.00000E+00 0.00000E+00
 64 eu51     0.35966E-06 0.00000E+00 0.00000E+00
 65 eu53     0.21634E-05 0.00000E+00 0.00000E+00
 66 eu54     0.39018E-06 0.00000E+00 0.00000E+00
 67 gd54     0.16629E-07 0.00000E+00 0.00000E+00
 68 am42     0.39183E-07 0.00000E+00 0.00000E+00
 69 cm43     0.12525E-06 0.00000E+00 0.00000E+00
 ------------------------------------------------------------------------------
  number of cells =           6
          cell number    2  number of zone= 3
 << geometry characteristics >>
    geometry of cell- cilindrical index=           2
  kratnost of cell =   18.00000    
  inner radius of cell =  0.0000000E+00
  out square ratio =  0.3888000      0.3333000      0.0000000E+00  0.2222000    
  5.5500001E-02  0.0000000E+00
 ------------------------------------------------------------------------------
 num zone      4           5           6
 radius   0.29000E+00 0.34000E+00 0.48000E+00
 temper   0.59700E+03 0.58300E+03 0.58300E+03
 rez_izot    u238        bad         bad 
 ------------------------------------------------------------------------------
    izotop   /             concentration number of izotops=69
  1 *h*      0.00000E+00 0.00000E+00 0.46550E-01
  2 *o*      0.00000E+00 0.00000E+00 0.23270E-01
  3 zr       0.00000E+00 0.42870E-01 0.00000E+00
  5 u238     0.14407E-01 0.00000E+00 0.00000E+00
  6 o        0.44000E-01 0.00000E+00 0.00000E+00
  9 al       0.57980E-02 0.00000E+00 0.00000E+00
 12 gd55     0.60064E-07 0.00000E+00 0.00000E+00
 13 gd57     0.10262E-06 0.00000E+00 0.00000E+00
 16 pu39     0.24786E-02 0.00000E+00 0.00000E+00
 17 pu40     0.14516E-02 0.00000E+00 0.00000E+00
 18 pu41     0.81674E-03 0.00000E+00 0.00000E+00
 22 slag     0.39929E-03 0.00000E+00 0.00000E+00
 23 tc99     0.59071E-04 0.00000E+00 0.00000E+00
 24 rh03     0.58930E-04 0.00000E+00 0.00000E+00
 25 ag09     0.11133E-04 0.00000E+00 0.00000E+00
 26 cd13     0.24111E-06 0.00000E+00 0.00000E+00
 27 xe35     0.45455E-07 0.00000E+00 0.00000E+00
 28 sm49     0.19557E-05 0.00000E+00 0.00000E+00
 29 sm51     0.42605E-05 0.00000E+00 0.00000E+00
 30 eu55     0.56337E-06 0.00000E+00 0.00000E+00
 31 gd56     0.17243E-05 0.00000E+00 0.00000E+00
 32 np37     0.10820E-06 0.00000E+00 0.00000E+00
 33 np39     0.13455E-05 0.00000E+00 0.00000E+00
 34 pu38     0.74867E-05 0.00000E+00 0.00000E+00
 35 pu42     0.71781E-04 0.00000E+00 0.00000E+00
 36 am41     0.65483E-04 0.00000E+00 0.00000E+00
 37 am2m     0.11767E-05 0.00000E+00 0.00000E+00
 38 am43     0.11519E-04 0.00000E+00 0.00000E+00
 39 cm42     0.58490E-05 0.00000E+00 0.00000E+00
 40 cm44     0.24096E-05 0.00000E+00 0.00000E+00
 41 cm45     0.14243E-06 0.00000E+00 0.00000E+00
 46 sm52     0.73407E-05 0.00000E+00 0.00000E+00
 47 xe31     0.30627E-04 0.00000E+00 0.00000E+00
 48 cs33     0.63971E-04 0.00000E+00 0.00000E+00
 49 nd45     0.30549E-04 0.00000E+00 0.00000E+00
 50 nd43     0.43707E-04 0.00000E+00 0.00000E+00
 51 pm47     0.12104E-04 0.00000E+00 0.00000E+00
 52 mo95     0.46463E-04 0.00000E+00 0.00000E+00
 53 cs34     0.39798E-05 0.00000E+00 0.00000E+00
 54 pr41     0.52728E-04 0.00000E+00 0.00000E+00
 55 pm48     0.53109E-07 0.00000E+00 0.00000E+00
 56 pm8m     0.26907E-06 0.00000E+00 0.00000E+00
 57 rh05     0.15427E-06 0.00000E+00 0.00000E+00
 58 pm49     0.65623E-07 0.00000E+00 0.00000E+00
 59 kr83     0.27135E-05 0.00000E+00 0.00000E+00
 60 ru01     0.49870E-04 0.00000E+00 0.00000E+00
 61 pd05     0.53000E-04 0.00000E+00 0.00000E+00
 62 cs35     0.62512E-04 0.00000E+00 0.00000E+00
 63 sm50     0.11848E-04 0.00000E+00 0.00000E+00
 64 eu51     0.42250E-06 0.00000E+00 0.00000E+00
 65 eu53     0.25558E-05 0.00000E+00 0.00000E+00
 66 eu54     0.47887E-06 0.00000E+00 0.00000E+00
 67 gd54     0.20498E-07 0.00000E+00 0.00000E+00
 68 am42     0.40320E-07 0.00000E+00 0.00000E+00
 69 cm43     0.13169E-06 0.00000E+00 0.00000E+00
 ------------------------------------------------------------------------------
  number of cells =           6
          cell number    3  number of zone= 3
 << geometry characteristics >>
    geometry of cell- cilindrical index=           2
  kratnost of cell =   9.000000    
  inner radius of cell =  0.0000000E+00
  out square ratio =  0.6666000      0.0000000E+00  0.0000000E+00  0.0000000E+00
  0.0000000E+00  0.3333000    
 ------------------------------------------------------------------------------
 num zone      7           8           9
 radius   0.29000E+00 0.34000E+00 0.48000E+00
 temper   0.58300E+03 0.58300E+03 0.58300E+03
 rez_izot    bad         bad         bad 
 ------------------------------------------------------------------------------
    izotop   /             concentration number of izotops=69
  1 *h*      0.00000E+00 0.00000E+00 0.46550E-01
  2 *o*      0.00000E+00 0.00000E+00 0.23270E-01
  3 zr       0.00000E+00 0.42870E-01 0.00000E+00
  6 o        0.37890E-01 0.00000E+00 0.00000E+00
 12 gd55     0.24840E-02 0.00000E+00 0.00000E+00
 13 gd57     0.28261E-02 0.00000E+00 0.00000E+00
 22 slag     0.11763E-02 0.00000E+00 0.00000E+00
 31 gd56     0.12186E-02 0.00000E+00 0.00000E+00
 ------------------------------------------------------------------------------
  number of cells =           6
          cell number    4  number of zone= 3
 << geometry characteristics >>
    geometry of cell- cilindrical index=           2
  kratnost of cell =   6.000000    
  inner radius of cell =  0.0000000E+00
  out square ratio =  0.0000000E+00  0.6666000      0.0000000E+00  0.0000000E+00
  0.3333000      0.0000000E+00
 ------------------------------------------------------------------------------
 num zone     10          11          12
 radius   0.17500E+00 0.22500E+00 0.48000E+00
 temper   0.58300E+03 0.58300E+03 0.58300E+03
 rez_izot    bad         bad         bad 
 ------------------------------------------------------------------------------
    izotop   /             concentration number of izotops=69
  1 *h*      0.00000E+00 0.00000E+00 0.46550E-01
  2 *o*      0.00000E+00 0.00000E+00 0.23270E-01
  3 zr       0.00000E+00 0.42870E-01 0.00000E+00
  6 o        0.37890E-01 0.00000E+00 0.00000E+00
 12 gd55     0.20354E-02 0.00000E+00 0.00000E+00
 13 gd57     0.18722E-02 0.00000E+00 0.00000E+00
 22 slag     0.21487E-02 0.00000E+00 0.00000E+00
 31 gd56     0.16487E-02 0.00000E+00 0.00000E+00
 ------------------------------------------------------------------------------
  number of cells =           6
          cell number    5  number of zone= 3
 << geometry characteristics >>
    geometry of cell- cilindrical index=           2
  kratnost of cell =   7.000000    
  inner radius of cell =  0.0000000E+00
  out square ratio =  0.0000000E+00  0.1428000      0.0000000E+00  0.2857000    
  0.5714000      0.0000000E+00
 ------------------------------------------------------------------------------
 num zone     13          14          15
 radius   0.29000E+00 0.34000E+00 0.48000E+00
 temper   0.58300E+03 0.30000E+03 0.58300E+03
 rez_izot    bad         bad         bad 
 ------------------------------------------------------------------------------
    izotop   /             concentration number of izotops=69
  1 *h*      0.46550E-01 0.00000E+00 0.46550E-01
  2 *o*      0.23270E-01 0.00000E+00 0.23270E-01
 14 ni       0.00000E+00 0.52000E-01 0.00000E+00
 15 cr       0.00000E+00 0.35000E-01 0.00000E+00
 ------------------------------------------------------------------------------
  number of cells =           6
          cell number    6  number of zone= 2
 << geometry characteristics >>
    geometry of cell- cilindrical index=           2
  kratnost of cell =   36.00000    
  inner radius of cell =  0.0000000E+00
  out square ratio =  0.2222000      0.0000000E+00  8.3300002E-02  0.0000000E+00
  0.0000000E+00  0.6944000    
 ------------------------------------------------------------------------------
 num zone     16          17
 radius   0.39000E+00 0.48000E+00
 temper   0.58300E+03 0.58300E+03
 rez_izot    bad         bad 
 ------------------------------------------------------------------------------
    izotop   /             concentration number of izotops=69
  1 *h*      0.00000E+00 0.46550E-01
  2 *o*      0.00000E+00 0.23270E-01
  3 zr       0.42870E-01 0.00000E+00
:fier                                                                           
 condensation boundary was changed from  0.21500E+01 to  0.21544E+01
*** 4 *** ;egr=  2.1544    
    keff         nu           mu           fi           teta
   1.0312       1.1539       2.7681      0.40313      0.80082    
 s0z(n)=    1.246112      0.0000000E+00  0.0000000E+00   1.261742    
  0.0000000E+00  0.0000000E+00  0.0000000E+00  0.0000000E+00  0.0000000E+00
  0.0000000E+00  0.0000000E+00  0.0000000E+00  0.0000000E+00  0.0000000E+00
  0.0000000E+00  0.0000000E+00  0.0000000E+00
:stop                                                                           
