 *****          file of input data set *******
:poly
 &vvod
 @ 1 tvel  cell@   rcel(1,1)=0.340,0.480,
                   ncelsos(1,1)=2,3,
 @ 2 tvel  cell@   rcel(1,2)=0.340,0.480,
                   ncelsos(1,2)=2,3,
 @ 3 svp-1 cell@   rcel(1,3)=0.340,0.480,
                   ncelsos(1,3)=5,3,
 @ 4 svp-2 cell@   rcel(1,4)=0.225,0.480,
                   ncelsos(1,4)=6,3,
 @ 5 pal       @   rcel(1,5)=0.340,0.480,
                   ncelsos(1,5)=4,3,
 @ 6 km        @   rcel(1,6)=0.390,0.480,
                   ncelsos(1,6)=7,3,
  t=0.573e+03, 0.573e+03, 0.573e+03, 0.573e+03, 0.573e+03, 0.573e+03, 0.573e+03,
@-----------------------------------------------------------------------
  troiz=
 @         1 tv_1        2 tv_2      3 h2o       4 pel      5 svp_1     6 svp_2     7 zr
 @ *h*  @ 0.0000000  , 0.0000000 , 4.655e-02 , 0.0000000 , 0.0000000 , 0.0000000 , 0.0000000 ,
 @ *o*  @ 0.0000000  , 0.0000000 , 2.327e-02 , 0.0000000 , 0.0000000 , 0.0000000 , 0.0000000 ,
 @ zr   @ 1.168e-02  , 1.168e-02 , 0.0000000 , 1.168e-02 , 1.168e-02 , 1.694e-02 , 0.0425800 ,
 @ u235 @ 0.0000000  , 0.0000000 , 0.0000000 , 0.0000000 , 0.0000000 , 0.0000000 , 0.0000000 ,
 @ u238 @ 9.441e-03  , 9.711e-03 , 0.0000000 , 0.0000000 , 0.0000000 , 0.0000000 , 0.0000000 ,
 @ o    @ 2.697e-02  , 2.697e-02 , 0.0000000 , 0.0000000 , 2.757e-02 , 2.292e-02 , 0.0000000 ,
 @ *c*  @ 0.0000000  , 0.0000000 , 0.0000000 , 0.0000000 , 0.0000000 , 0.0000000 , 0.0000000 ,
 @ al   @ 0.0190000  , 0.0190000 , 0.0000000 , 0.0000000 , 0.0000000 , 0.0000000 , 0.0000000 ,
 @ b-10 @ 0.0000000  , 0.0000000 , 0.0000000 , 1.671e-02 , 0.0000000 , 0.0000000 , 0.0000000 ,
 @ c    @ 0.0000000  , 0.0000000 , 0.0000000 , 2.099e-02 , 0.0000000 , 0.0000000 , 0.0000000 ,
 @ gd55 @ 0.0000000  , 0.0000000 , 0.0000000 , 0.0000000 , 2.720e-03 , 2.262e-03 , 0.0000000 ,
 @ gd57 @ 0.0000000  , 0.0000000 , 0.0000000 , 0.0000000 , 2.885e-03 , 2.399e-03 , 0.0000000 ,
 @ ni   @ 0.0000000  , 0.0000000 , 0.0000000 , 0.0000000 , 0.0000000 , 0.0000000 , 0.0000000 ,
 @ cr   @ 0.0000000  , 0.0000000 , 0.0000000 , 0.0000000 , 0.0000000 , 0.0000000 , 0.0000000 ,
 @ pu39 @ 2.104e-03  , 1.964e-03 , 0.0000000 , 0.0000000 , 0.0000000 , 0.0000000 , 0.0000000 ,
 @ pu40 @ 9.711e-04  , 9.063e-04 , 0.0000000 , 0.0000000 , 0.0000000 , 0.0000000 , 0.0000000 ,
 @ pu41 @ 6.069e-04  , 5.665e-04 , 0.0000000 , 0.0000000 , 0.0000000 , 0.0000000 , 0.0000000 ,
@-----------------------------------------------------------------------
 ntcell=1,2,3,4,5,6,
 krat= 51,18,9,6,7,1,
 alout=
       0.5882 , 0.1372 , 0.1176 , 0.0000 , 0.0000 , 0.1586,
       0.3888 , 0.3333 , 0.0000 , 0.2222 , 0.0555 , 0.0000,
       0.6666 , 0.0000 , 0.0000 , 0.0000 , 0.0000 , 0.3333,
       0.0000 , 0.6666 , 0.0000 , 0.0000 , 0.3333 , 0.0000,
       0.0000 , 0.2857 , 0.0000 , 0.2857 , 0.4286 , 0.0000,
       0.3611 , 0.0000 , 0.0833 , 0.0000 , 0.0000 , 0.5555,
                                                                                                                        
 material(1)='chmc',
 &end
*h*
*o*
zr
u235
u238
o
*c*
al
b-10
c
gd55
gd57
ni
cr
pu39
pu40
pu41
****
:corr
 &vvod &end
:macro
 &vvod
  et=10.5e+6,2.15,2.15,0.,
  nbv=1,1,1,1,1,1
 &end
 @ 200 days!----------
:burn
 &vvod qv=103.361,dtim=200.0,
 &end
:corr
 &vvod &end
:fier
 &vvod &end
@ 200 days!----------
:burn
 &vvod qv=103.361,dtim=200.0,
 &end
:corr
 &vvod &end
:fier
 &vvod &end
@ 200 days!----------
:burn
 &vvod qv=103.361,dtim=200.0,
 &end
:corr
 &vvod &end
:fier
 &vvod &end
@ 150 days!----------
:burn
 &vvod qv=103.361,dtim=150.0,
 &end
:corr
 &vvod &end
:fier
 &vvod &end
:stop
 ***** end of   file of input data set *******
:poly                                                                           
  rout and rin were constructed
Rout= 0.340, 0.480, 0.340, 0.480, 0.340, 0.480, 0.225, 0.480, 0.340, 0.480,
 0.390, 0.480,
Rin = 0.000, 0.340, 0.000, 0.340, 0.000, 0.340, 0.000, 0.225, 0.000, 0.340,
 0.000, 0.390,
  nsos  was constructed
nsos=  2,  3,  2,  3,  5,  3,  6,  3,  4,  3,
  7,  3,
 definition izotr in sos           1:izotr=   5.000000    
 definition izotr in sos           2:izotr=   5.000000    
  *******<< check input data>> programm declare *******
    --undeclared parametr--cefzad  -- programm standart value --cefzad  =  0.100000E+01
  *******<< check input data>> programm declare *******
    --undeclared parametr--bakl    -- programm standart value --bakl    =  0.000000E+00
  *******<< check input data>> programm declare *******
    --undeclared parametr--alin    -- programm standart value --alin    =  0.000000E+00  0.000000E+00
     0.000000E+00  0.000000E+00  0.000000E+00  0.000000E+00  0.000000E+00  0.000000E+00  0.000000E+00
     0.000000E+00  0.000000E+00  0.000000E+00  0.000000E+00  0.000000E+00  0.000000E+00  0.000000E+00
     0.000000E+00  0.000000E+00  0.000000E+00  0.000000E+00  0.000000E+00  0.000000E+00  0.000000E+00
     0.000000E+00  0.000000E+00  0.000000E+00  0.000000E+00  0.000000E+00  0.000000E+00  0.000000E+00
     0.000000E+00  0.000000E+00  0.000000E+00  0.000000E+00  0.000000E+00  0.000000E+00
  *******<< check input data>> programm declare *******
    --undeclared parametr--alcorr  -- programm standart value --alcorr  =  0.100000E+01  0.100000E+01
     0.100000E+01  0.100000E+01  0.100000E+01  0.100000E+01  0.100000E+01  0.100000E+01  0.100000E+01
     0.100000E+01  0.100000E+01  0.100000E+01  0.100000E+01  0.100000E+01  0.100000E+01  0.100000E+01
     0.100000E+01  0.100000E+01  0.100000E+01  0.100000E+01  0.100000E+01  0.100000E+01  0.100000E+01
     0.100000E+01  0.100000E+01  0.100000E+01  0.100000E+01  0.100000E+01  0.100000E+01  0.100000E+01
     0.100000E+01  0.100000E+01  0.100000E+01  0.100000E+01  0.100000E+01  0.100000E+01
  *******<< check input data>> programm declare *******
    --uncorrected definition--alin    --bat programm use this value --alin      0.000000E+00  0.000000E+00
     0.000000E+00  0.000000E+00  0.000000E+00  0.000000E+00  0.000000E+00  0.000000E+00  0.000000E+00
     0.000000E+00  0.000000E+00  0.000000E+00  0.000000E+00  0.000000E+00  0.000000E+00  0.000000E+00
     0.000000E+00  0.000000E+00  0.000000E+00  0.000000E+00  0.000000E+00  0.000000E+00  0.000000E+00
     0.000000E+00  0.000000E+00  0.000000E+00  0.000000E+00  0.000000E+00  0.000000E+00  0.000000E+00
     0.000000E+00  0.000000E+00  0.000000E+00  0.000000E+00  0.000000E+00  0.000000E+00
  *******<< check input data>> programm declare *******
    --uncorrected definition--alout   --bat programm use this value --alout     0.588200E+00  0.137200E+00
     0.117600E+00  0.000000E+00  0.000000E+00  0.158600E+00  0.388800E+00  0.333300E+00  0.000000E+00
     0.222200E+00  0.555000E-01  0.000000E+00  0.666600E+00  0.000000E+00  0.000000E+00  0.000000E+00
     0.000000E+00  0.333300E+00  0.000000E+00  0.666600E+00  0.000000E+00  0.000000E+00  0.333300E+00
     0.000000E+00  0.000000E+00  0.285700E+00  0.000000E+00  0.285700E+00  0.428600E+00  0.000000E+00
     0.361100E+00  0.000000E+00  0.833000E-01  0.000000E+00  0.000000E+00  0.555500E+00
  *******<< check input data>> programm declare *******
    --undeclared parametr--nbv     -- programm standart value --nbv     =    1    1    1    1    1    1
       1    1    1    1    1    1
  *******<< check input data>> programm declare *******
    --undeclared parametr--et      -- programm standart value --et      =  0.105000E+08  0.215000E+01
     0.215000E+01  0.000000E+00
    ????  storage for pr. getter =     1200 ?? common /rrr/ rab(        0 )  ????
 ------------------------------------------------------------------------------
  backling =  0.0000000E+00
 ------------------------------------------------------------------------------
  number of cells =           6
          cell number    1  number of zone= 2
 << geometry characteristics >>
    geometry of cell- cilindrical index=           2
  kratnost of cell =   51.00000    
  inner radius of cell =  0.0000000E+00
  out square ratio =  0.5882000      0.1372000      0.1176000      0.0000000E+00
  0.0000000E+00  0.1586000    
 ------------------------------------------------------------------------------
 num zone      1           2
 radius   0.34000E+00 0.48000E+00
 temper   0.57300E+03 0.57300E+03
 rez_izot    u238        bad 
 ------------------------------------------------------------------------------
    izotop   /             concentration number of izotops=68
  1 *h*      0.00000E+00 0.46550E-01
  2 *o*      0.00000E+00 0.23270E-01
  3 zr       0.11680E-01 0.00000E+00
  5 u238     0.97110E-02 0.00000E+00
  6 o        0.26970E-01 0.00000E+00
  8 al       0.19000E-01 0.00000E+00
 15 pu39     0.19640E-02 0.00000E+00
 16 pu40     0.90630E-03 0.00000E+00
 17 pu41     0.56650E-03 0.00000E+00
 ------------------------------------------------------------------------------
  number of cells =           6
          cell number    2  number of zone= 2
 << geometry characteristics >>
    geometry of cell- cilindrical index=           2
  kratnost of cell =   18.00000    
  inner radius of cell =  0.0000000E+00
  out square ratio =  0.3888000      0.3333000      0.0000000E+00  0.2222000    
  5.5500001E-02  0.0000000E+00
 ------------------------------------------------------------------------------
 num zone      3           4
 radius   0.34000E+00 0.48000E+00
 temper   0.57300E+03 0.57300E+03
 rez_izot    u238        bad 
 ------------------------------------------------------------------------------
    izotop   /             concentration number of izotops=68
  1 *h*      0.00000E+00 0.46550E-01
  2 *o*      0.00000E+00 0.23270E-01
  3 zr       0.11680E-01 0.00000E+00
  5 u238     0.97110E-02 0.00000E+00
  6 o        0.26970E-01 0.00000E+00
  8 al       0.19000E-01 0.00000E+00
 15 pu39     0.19640E-02 0.00000E+00
 16 pu40     0.90630E-03 0.00000E+00
 17 pu41     0.56650E-03 0.00000E+00
 ------------------------------------------------------------------------------
  number of cells =           6
          cell number    3  number of zone= 2
 << geometry characteristics >>
    geometry of cell- cilindrical index=           2
  kratnost of cell =   9.000000    
  inner radius of cell =  0.0000000E+00
  out square ratio =  0.6666000      0.0000000E+00  0.0000000E+00  0.0000000E+00
  0.0000000E+00  0.3333000    
 ------------------------------------------------------------------------------
 num zone      5           6
 radius   0.34000E+00 0.48000E+00
 temper   0.57300E+03 0.57300E+03
 rez_izot    bad         bad 
 ------------------------------------------------------------------------------
    izotop   /             concentration number of izotops=68
  1 *h*      0.00000E+00 0.46550E-01
  2 *o*      0.00000E+00 0.23270E-01
  3 zr       0.11680E-01 0.00000E+00
  6 o        0.27570E-01 0.00000E+00
 11 gd55     0.27200E-02 0.00000E+00
 12 gd57     0.28850E-02 0.00000E+00
 ------------------------------------------------------------------------------
  number of cells =           6
          cell number    4  number of zone= 2
 << geometry characteristics >>
    geometry of cell- cilindrical index=           2
  kratnost of cell =   6.000000    
  inner radius of cell =  0.0000000E+00
  out square ratio =  0.0000000E+00  0.6666000      0.0000000E+00  0.0000000E+00
  0.3333000      0.0000000E+00
 ------------------------------------------------------------------------------
 num zone      7           8
 radius   0.22500E+00 0.48000E+00
 temper   0.57300E+03 0.57300E+03
 rez_izot    bad         bad 
 ------------------------------------------------------------------------------
    izotop   /             concentration number of izotops=68
  1 *h*      0.00000E+00 0.46550E-01
  2 *o*      0.00000E+00 0.23270E-01
  3 zr       0.16940E-01 0.00000E+00
  6 o        0.22920E-01 0.00000E+00
 11 gd55     0.22620E-02 0.00000E+00
 12 gd57     0.23990E-02 0.00000E+00
 ------------------------------------------------------------------------------
  number of cells =           6
          cell number    5  number of zone= 2
 << geometry characteristics >>
    geometry of cell- cilindrical index=           2
  kratnost of cell =   7.000000    
  inner radius of cell =  0.0000000E+00
  out square ratio =  0.0000000E+00  0.2857000      0.0000000E+00  0.2857000    
  0.4286000      0.0000000E+00
 ------------------------------------------------------------------------------
 num zone      9          10
 radius   0.34000E+00 0.48000E+00
 temper   0.57300E+03 0.57300E+03
 rez_izot    bad         bad 
 ------------------------------------------------------------------------------
    izotop   /             concentration number of izotops=68
  1 *h*      0.00000E+00 0.46550E-01
  2 *o*      0.00000E+00 0.23270E-01
  3 zr       0.11680E-01 0.00000E+00
  9 b-10     0.16710E-01 0.00000E+00
 10 c        0.20990E-01 0.00000E+00
 ------------------------------------------------------------------------------
  number of cells =           6
          cell number    6  number of zone= 2
 << geometry characteristics >>
    geometry of cell- cilindrical index=           2
  kratnost of cell =   1.000000    
  inner radius of cell =  0.0000000E+00
  out square ratio =  0.3611000      0.0000000E+00  8.3300002E-02  0.0000000E+00
  0.0000000E+00  0.5555000    
 ------------------------------------------------------------------------------
 num zone     11          12
 radius   0.39000E+00 0.48000E+00
 temper   0.57300E+03 0.57300E+03
 rez_izot    bad         bad 
 ------------------------------------------------------------------------------
    izotop   /             concentration number of izotops=68
  1 *h*      0.00000E+00 0.46550E-01
  2 *o*      0.00000E+00 0.23270E-01
  3 zr       0.42580E-01 0.00000E+00
    > CONSYST Program Ver: 98.01 > started at  0: 0: 0:  
    { Manturov G., E-mail: abbn@ippe.rssi.ru}
 
       -------------------------------
 
       CONSYST INPUT DATA READ FROM : cons.dat
       CONSYST PROTOCOL STORED IN   : RESULT
       GMF X-SECTION'S FILE         : OUT
       TEMPORARY FILE               : RAB
       ABBN BASIC DATA SET FROM     : .\get-93\bin\Bnab90.lib
       ABBN MULTIC DATA SET FROM    : .\get-93\bin\Bnabmlt.lib
       ABBN THERMAL DATA SET FROM   : .\get-93\bin\BNABTHM.lib
 
    >>  K-inf(MLT)= 1.63321 Balance= 1.00212 NU= 2.98 FI-Sum=  1.00E+02
    >   Include Thermal Matrix > H(H2O):BNABTHM.BIN   Temp=  500K
    >   Include Thermal Matrix > H(H2O):BNABTHM.BIN   Temp=  600K
    >>  K-inf(MLT)= 1.63154 Balance= 1.00212 NU= 2.98 FI-Sum=  1.00E+02
    >   Include Thermal Matrix > H(H2O):BNABTHM.BIN   Temp=  500K
    >   Include Thermal Matrix > H(H2O):BNABTHM.BIN   Temp=  600K
    >   Include Thermal Matrix > H(H2O):BNABTHM.BIN   Temp=  500K
    >   Include Thermal Matrix > H(H2O):BNABTHM.BIN   Temp=  600K
    >   Include Thermal Matrix > H(H2O):BNABTHM.BIN   Temp=  500K
    >   Include Thermal Matrix > H(H2O):BNABTHM.BIN   Temp=  600K
    >   Include Thermal Matrix > H(H2O):BNABTHM.BIN   Temp=  500K
    >   Include Thermal Matrix > H(H2O):BNABTHM.BIN   Temp=  600K
    >   Include Thermal Matrix > H(H2O):BNABTHM.BIN   Temp=  500K
    >   Include Thermal Matrix > H(H2O):BNABTHM.BIN   Temp=  600K
    > CONSYST finished at  0: 0: 0:  
 therm. calculation avoided
 therm. calculation avoided
 therm. calculation avoided
 therm. calculation avoided
 therm. calculation avoided
 therm. calculation avoided
 therm. calculation avoided
 *************************************************
   ***k(inf)=0.958027     ***k(itt)=0.986661     ***k(integ)=0.958027    ***
   **bakl=  0.0000     **length= 0.10000E+11  ***
   **matr.  alout*alcorr a(k,i)(k=1,ncel) ***
     * 0.58820     0.13720     0.11760      0.0000      0.0000     0.15860    
     * 0.38880     0.33330      0.0000     0.22220     0.55500E-01  0.0000    
     * 0.66660      0.0000      0.0000      0.0000      0.0000     0.33330    
     *  0.0000     0.66660      0.0000      0.0000     0.33330      0.0000    
     *  0.0000     0.28570      0.0000     0.28570     0.42860      0.0000    
     * 0.36110      0.0000     0.83300E-01  0.0000      0.0000     0.55550    
 lokal kner      in cell ,ru=           1=   1.027520       1.026510    
 lokal kner      in cell ,ru=           2=  0.9220280      0.9248882    
 lokal kner      in cell ,ru=           3=  0.0000000E+00   1.394169    
 lokal kner      in cell ,ru=           4=  0.0000000E+00  0.5372066    
 lokal kner      in cell ,ru=           5=  0.0000000E+00   1.822453    
 lokal kner      in cell ,ru=           6=  0.0000000E+00  0.6154543    
:corr                                                                           
 ------------------------------------------------------------------------------
  backling =  0.0000000E+00
 ------------------------------------------------------------------------------
  number of cells =           6
          cell number    1  number of zone= 2
 << geometry characteristics >>
    geometry of cell- cilindrical index=           2
  kratnost of cell =   51.00000    
  inner radius of cell =  0.0000000E+00
  out square ratio =  0.5882000      0.1372000      0.1176000      0.0000000E+00
  0.0000000E+00  0.1586000    
 ------------------------------------------------------------------------------
 num zone      1           2
 radius   0.34000E+00 0.48000E+00
 temper   0.57300E+03 0.57300E+03
 rez_izot    u238        bad 
 ------------------------------------------------------------------------------
    izotop   /             concentration number of izotops=68
  1 *h*      0.00000E+00 0.46550E-01
  2 *o*      0.00000E+00 0.23270E-01
  3 zr       0.11680E-01 0.00000E+00
  5 u238     0.97110E-02 0.00000E+00
  6 o        0.26970E-01 0.00000E+00
  8 al       0.19000E-01 0.00000E+00
 15 pu39     0.19640E-02 0.00000E+00
 16 pu40     0.90630E-03 0.00000E+00
 17 pu41     0.56650E-03 0.00000E+00
 ------------------------------------------------------------------------------
  number of cells =           6
          cell number    2  number of zone= 2
 << geometry characteristics >>
    geometry of cell- cilindrical index=           2
  kratnost of cell =   18.00000    
  inner radius of cell =  0.0000000E+00
  out square ratio =  0.3888000      0.3333000      0.0000000E+00  0.2222000    
  5.5500001E-02  0.0000000E+00
 ------------------------------------------------------------------------------
 num zone      3           4
 radius   0.34000E+00 0.48000E+00
 temper   0.57300E+03 0.57300E+03
 rez_izot    u238        bad 
 ------------------------------------------------------------------------------
    izotop   /             concentration number of izotops=68
  1 *h*      0.00000E+00 0.46550E-01
  2 *o*      0.00000E+00 0.23270E-01
  3 zr       0.11680E-01 0.00000E+00
  5 u238     0.97110E-02 0.00000E+00
  6 o        0.26970E-01 0.00000E+00
  8 al       0.19000E-01 0.00000E+00
 15 pu39     0.19640E-02 0.00000E+00
 16 pu40     0.90630E-03 0.00000E+00
 17 pu41     0.56650E-03 0.00000E+00
 ------------------------------------------------------------------------------
  number of cells =           6
          cell number    3  number of zone= 2
 << geometry characteristics >>
    geometry of cell- cilindrical index=           2
  kratnost of cell =   9.000000    
  inner radius of cell =  0.0000000E+00
  out square ratio =  0.6666000      0.0000000E+00  0.0000000E+00  0.0000000E+00
  0.0000000E+00  0.3333000    
 ------------------------------------------------------------------------------
 num zone      5           6
 radius   0.34000E+00 0.48000E+00
 temper   0.57300E+03 0.57300E+03
 rez_izot    bad         bad 
 ------------------------------------------------------------------------------
    izotop   /             concentration number of izotops=68
  1 *h*      0.00000E+00 0.46550E-01
  2 *o*      0.00000E+00 0.23270E-01
  3 zr       0.11680E-01 0.00000E+00
  6 o        0.27570E-01 0.00000E+00
 11 gd55     0.27200E-02 0.00000E+00
 12 gd57     0.28850E-02 0.00000E+00
 ------------------------------------------------------------------------------
  number of cells =           6
          cell number    4  number of zone= 2
 << geometry characteristics >>
    geometry of cell- cilindrical index=           2
  kratnost of cell =   6.000000    
  inner radius of cell =  0.0000000E+00
  out square ratio =  0.0000000E+00  0.6666000      0.0000000E+00  0.0000000E+00
  0.3333000      0.0000000E+00
 ------------------------------------------------------------------------------
 num zone      7           8
 radius   0.22500E+00 0.48000E+00
 temper   0.57300E+03 0.57300E+03
 rez_izot    bad         bad 
 ------------------------------------------------------------------------------
    izotop   /             concentration number of izotops=68
  1 *h*      0.00000E+00 0.46550E-01
  2 *o*      0.00000E+00 0.23270E-01
  3 zr       0.16940E-01 0.00000E+00
  6 o        0.22920E-01 0.00000E+00
 11 gd55     0.22620E-02 0.00000E+00
 12 gd57     0.23990E-02 0.00000E+00
 ------------------------------------------------------------------------------
  number of cells =           6
          cell number    5  number of zone= 2
 << geometry characteristics >>
    geometry of cell- cilindrical index=           2
  kratnost of cell =   7.000000    
  inner radius of cell =  0.0000000E+00
  out square ratio =  0.0000000E+00  0.2857000      0.0000000E+00  0.2857000    
  0.4286000      0.0000000E+00
 ------------------------------------------------------------------------------
 num zone      9          10
 radius   0.34000E+00 0.48000E+00
 temper   0.57300E+03 0.57300E+03
 rez_izot    bad         bad 
 ------------------------------------------------------------------------------
    izotop   /             concentration number of izotops=68
  1 *h*      0.00000E+00 0.46550E-01
  2 *o*      0.00000E+00 0.23270E-01
  3 zr       0.11680E-01 0.00000E+00
  9 b-10     0.16710E-01 0.00000E+00
 10 c        0.20990E-01 0.00000E+00
 ------------------------------------------------------------------------------
  number of cells =           6
          cell number    6  number of zone= 2
 << geometry characteristics >>
    geometry of cell- cilindrical index=           2
  kratnost of cell =   1.000000    
  inner radius of cell =  0.0000000E+00
  out square ratio =  0.3611000      0.0000000E+00  8.3300002E-02  0.0000000E+00
  0.0000000E+00  0.5555000    
 ------------------------------------------------------------------------------
 num zone     11          12
 radius   0.39000E+00 0.48000E+00
 temper   0.57300E+03 0.57300E+03
 rez_izot    bad         bad 
 ------------------------------------------------------------------------------
    izotop   /             concentration number of izotops=68
  1 *h*      0.00000E+00 0.46550E-01
  2 *o*      0.00000E+00 0.23270E-01
  3 zr       0.42580E-01 0.00000E+00
:macro                                                                          
 condensation boundary was changed from  0.21500E+01 to  0.21544E+01
 condensation boundary was changed from  0.21500E+01 to  0.21544E+01
    -------------------------------------------------------------------------------
    * n group   * e(i)        * e(i+1)      *spect neutron fission  *
          1       0.10500E+08    2.1544           0.99883    
          2        2.1544        0.0000           0.12821E-08
    *******************************************************************************
                                       **    macro cross section    **
    *******************************************************************************
    ** n zone    1 vzone=  56.458     /  1  2  3  4  5  6
*grp*flux 1/cm2c  * stotal      * sabs        * sfis.       * nu$sfis.    * 1/3*strans  *1/aver.veloci*aver power
  1  0.5050982     0.4873839     0.1991658E-01 0.8224143E-02 0.2414359E-01  1.391872     0.5926773E-06  1.212236     0.6957710    
  2  0.9579735E-02  1.327400     0.5263213     0.1896039     0.5443011     0.3501238     0.5952581E-06  1.034161     0.3042290    
                                       * matric. scat.cross. sec. from i to j  *
       i / j -->            1           2
       i        1 0.4593489     0.8118042E-02
       i        2 0.2605401E-03 0.8008175    
:burn                                                                           
 *** average burn up =   9.9304     (mbt*day)/(kg hm)
    > CONSYST Program Ver: 98.01 > started at  0: 0: 0:  
    { Manturov G., E-mail: abbn@ippe.rssi.ru}
 
       -------------------------------
 
       CONSYST INPUT DATA READ FROM : cons.dat
       CONSYST PROTOCOL STORED IN   : RESULT
       GMF X-SECTION'S FILE         : OUT
       TEMPORARY FILE               : RAB
       ABBN BASIC DATA SET FROM     : .\get-93\bin\Bnab90.lib
       ABBN MULTIC DATA SET FROM    : .\get-93\bin\Bnabmlt.lib
       ABBN THERMAL DATA SET FROM   : .\get-93\bin\BNABTHM.lib
 
    >>  K-inf(MLT)= 1.59694 Balance= 1.00235 NU= 2.98 FI-Sum=  1.02E+02
    >   Include Thermal Matrix > H(H2O):BNABTHM.BIN   Temp=  500K
    >   Include Thermal Matrix > H(H2O):BNABTHM.BIN   Temp=  600K
    >>  K-inf(MLT)= 1.59885 Balance= 1.00232 NU= 2.98 FI-Sum=  1.01E+02
    >   Include Thermal Matrix > H(H2O):BNABTHM.BIN   Temp=  500K
    >   Include Thermal Matrix > H(H2O):BNABTHM.BIN   Temp=  600K
    >   Include Thermal Matrix > H(H2O):BNABTHM.BIN   Temp=  500K
    >   Include Thermal Matrix > H(H2O):BNABTHM.BIN   Temp=  600K
    >   Include Thermal Matrix > H(H2O):BNABTHM.BIN   Temp=  500K
    >   Include Thermal Matrix > H(H2O):BNABTHM.BIN   Temp=  600K
    >   Include Thermal Matrix > H(H2O):BNABTHM.BIN   Temp=  500K
    >   Include Thermal Matrix > H(H2O):BNABTHM.BIN   Temp=  600K
    >   Include Thermal Matrix > H(H2O):BNABTHM.BIN   Temp=  500K
    >   Include Thermal Matrix > H(H2O):BNABTHM.BIN   Temp=  600K
    > CONSYST finished at  0: 0: 0:  
 therm. calculation avoided
 therm. calculation avoided
 therm. calculation avoided
 therm. calculation avoided
 therm. calculation avoided
 therm. calculation avoided
 therm. calculation avoided
 therm. calculation avoided
 therm. calculation avoided
 *************************************************
   ***k(inf)=0.930113     ***k(itt)=0.957982     ***k(integ)=0.930113    ***
   **bakl=  0.0000     **length= 0.10000E+11  ***
   **matr.  alout*alcorr a(k,i)(k=1,ncel) ***
     * 0.58820     0.13720     0.11760      0.0000      0.0000     0.15860    
     * 0.38880     0.33330      0.0000     0.22220     0.55500E-01  0.0000    
     * 0.66660      0.0000      0.0000      0.0000      0.0000     0.33330    
     *  0.0000     0.66660      0.0000      0.0000     0.33330      0.0000    
     *  0.0000     0.28570      0.0000     0.28570     0.42860      0.0000    
     * 0.36110      0.0000     0.83300E-01  0.0000      0.0000     0.55550    
 lokal kner      in cell ,ru=           1=   1.026485       1.026384    
 lokal kner      in cell ,ru=           2=  0.9249589      0.9252458    
 lokal kner      in cell ,ru=           3=  0.0000000E+00   1.340806    
 lokal kner      in cell ,ru=           4=  0.0000000E+00  0.5155997    
 lokal kner      in cell ,ru=           5=  0.0000000E+00   1.798608    
 lokal kner      in cell ,ru=           6=  0.0000000E+00  0.6128494    
:corr                                                                           
 ------------------------------------------------------------------------------
  backling =  0.0000000E+00
 ------------------------------------------------------------------------------
  number of cells =           6
          cell number    1  number of zone= 2
 << geometry characteristics >>
    geometry of cell- cilindrical index=           2
  kratnost of cell =   51.00000    
  inner radius of cell =  0.0000000E+00
  out square ratio =  0.5882000      0.1372000      0.1176000      0.0000000E+00
  0.0000000E+00  0.1586000    
 ------------------------------------------------------------------------------
 num zone      1           2
 radius   0.34000E+00 0.48000E+00
 temper   0.57300E+03 0.57300E+03
 rez_izot    u238        bad 
 ------------------------------------------------------------------------------
    izotop   /             concentration number of izotops=68
  1 *h*      0.00000E+00 0.46550E-01
  2 *o*      0.00000E+00 0.23270E-01
  3 zr       0.11680E-01 0.00000E+00
  5 u238     0.96583E-02 0.00000E+00
  6 o        0.26970E-01 0.00000E+00
  8 al       0.19000E-01 0.00000E+00
 11 gd55     0.95801E-08 0.00000E+00
 12 gd57     0.72168E-07 0.00000E+00
 15 pu39     0.18680E-02 0.00000E+00
 16 pu40     0.90421E-03 0.00000E+00
 17 pu41     0.54874E-03 0.00000E+00
 21 slag     0.51165E-04 0.00000E+00
 22 tc99     0.86588E-05 0.00000E+00
 23 rh03     0.89458E-05 0.00000E+00
 24 ag09     0.19097E-05 0.00000E+00
 25 cd13     0.10573E-06 0.00000E+00
 26 xe35     0.25433E-07 0.00000E+00
 27 sm49     0.11905E-05 0.00000E+00
 28 sm51     0.10138E-05 0.00000E+00
 29 eu55     0.20746E-06 0.00000E+00
 30 gd56     0.10382E-06 0.00000E+00
 31 np37     0.60333E-08 0.00000E+00
 32 np39     0.77917E-06 0.00000E+00
 33 pu38     0.13004E-06 0.00000E+00
 34 pu42     0.10730E-04 0.00000E+00
 35 am41     0.13751E-04 0.00000E+00
 36 am2m     0.67608E-07 0.00000E+00
 37 am43     0.51456E-06 0.00000E+00
 38 cm42     0.42941E-06 0.00000E+00
 39 cm44     0.23483E-07 0.00000E+00
 40 cm45     0.31816E-09 0.00000E+00
 45 sm52     0.94803E-06 0.00000E+00
 46 xe31     0.48571E-05 0.00000E+00
 47 cs33     0.95092E-05 0.00000E+00
 48 nd45     0.44624E-05 0.00000E+00
 49 nd43     0.63344E-05 0.00000E+00
 50 pm47     0.26295E-05 0.00000E+00
 51 mo95     0.66881E-05 0.00000E+00
 52 cs34     0.16069E-06 0.00000E+00
 53 pr41     0.74485E-05 0.00000E+00
 54 pm48     0.98888E-08 0.00000E+00
 55 pm8m     0.46003E-07 0.00000E+00
 56 rh05     0.80242E-07 0.00000E+00
 57 pm49     0.31899E-07 0.00000E+00
 58 kr83     0.39598E-06 0.00000E+00
 59 ru01     0.71598E-05 0.00000E+00
 60 pd05     0.75646E-05 0.00000E+00
 61 cs35     0.94392E-05 0.00000E+00
 62 sm50     0.72537E-06 0.00000E+00
 63 eu51     0.83169E-08 0.00000E+00
 64 eu53     0.84279E-07 0.00000E+00
 65 eu54     0.40552E-08 0.00000E+00
 66 gd54     0.46189E-10 0.00000E+00
 67 am42     0.64196E-08 0.00000E+00
 68 cm43     0.23501E-08 0.00000E+00
 ------------------------------------------------------------------------------
  number of cells =           6
          cell number    2  number of zone= 2
 << geometry characteristics >>
    geometry of cell- cilindrical index=           2
  kratnost of cell =   18.00000    
  inner radius of cell =  0.0000000E+00
  out square ratio =  0.3888000      0.3333000      0.0000000E+00  0.2222000    
  5.5500001E-02  0.0000000E+00
 ------------------------------------------------------------------------------
 num zone      3           4
 radius   0.34000E+00 0.48000E+00
 temper   0.57300E+03 0.57300E+03
 rez_izot    u238        bad 
 ------------------------------------------------------------------------------
    izotop   /             concentration number of izotops=68
  1 *h*      0.00000E+00 0.46550E-01
  2 *o*      0.00000E+00 0.23270E-01
  3 zr       0.11680E-01 0.00000E+00
  5 u238     0.96604E-02 0.00000E+00
  6 o        0.26970E-01 0.00000E+00
  8 al       0.19000E-01 0.00000E+00
 11 gd55     0.90648E-08 0.00000E+00
 12 gd57     0.71821E-07 0.00000E+00
 15 pu39     0.18812E-02 0.00000E+00
 16 pu40     0.90531E-03 0.00000E+00
 17 pu41     0.54814E-03 0.00000E+00
 21 slag     0.45719E-04 0.00000E+00
 22 tc99     0.77913E-05 0.00000E+00
 23 rh03     0.80537E-05 0.00000E+00
 24 ag09     0.17191E-05 0.00000E+00
 25 cd13     0.99781E-07 0.00000E+00
 26 xe35     0.23231E-07 0.00000E+00
 27 sm49     0.11656E-05 0.00000E+00
 28 sm51     0.92723E-06 0.00000E+00
 29 eu55     0.19449E-06 0.00000E+00
 30 gd56     0.83709E-07 0.00000E+00
 31 np37     0.60713E-08 0.00000E+00
 32 np39     0.74651E-06 0.00000E+00
 33 pu38     0.11461E-06 0.00000E+00
 34 pu42     0.95083E-05 0.00000E+00
 35 am41     0.13835E-04 0.00000E+00
 36 am2m     0.60251E-07 0.00000E+00
 37 am43     0.40313E-06 0.00000E+00
 38 cm42     0.37864E-06 0.00000E+00
 39 cm44     0.16502E-07 0.00000E+00
 40 cm45     0.19936E-09 0.00000E+00
 45 sm52     0.84265E-06 0.00000E+00
 46 xe31     0.43776E-05 0.00000E+00
 47 cs33     0.85569E-05 0.00000E+00
 48 nd45     0.40199E-05 0.00000E+00
 49 nd43     0.57010E-05 0.00000E+00
 50 pm47     0.23898E-05 0.00000E+00
 51 mo95     0.60198E-05 0.00000E+00
 52 cs34     0.12978E-06 0.00000E+00
 53 pr41     0.67028E-05 0.00000E+00
 54 pm48     0.79586E-08 0.00000E+00
 55 pm8m     0.37630E-07 0.00000E+00
 56 rh05     0.72152E-07 0.00000E+00
 57 pm49     0.28673E-07 0.00000E+00
 58 kr83     0.35743E-06 0.00000E+00
 59 ru01     0.64360E-05 0.00000E+00
 60 pd05     0.67912E-05 0.00000E+00
 61 cs35     0.86059E-05 0.00000E+00
 62 sm50     0.55757E-06 0.00000E+00
 63 eu51     0.61954E-08 0.00000E+00
 64 eu53     0.66618E-07 0.00000E+00
 65 eu54     0.28905E-08 0.00000E+00
 66 gd54     0.32901E-10 0.00000E+00
 67 am42     0.56682E-08 0.00000E+00
 68 cm43     0.19285E-08 0.00000E+00
 ------------------------------------------------------------------------------
  number of cells =           6
          cell number    3  number of zone= 2
 << geometry characteristics >>
    geometry of cell- cilindrical index=           2
  kratnost of cell =   9.000000    
  inner radius of cell =  0.0000000E+00
  out square ratio =  0.6666000      0.0000000E+00  0.0000000E+00  0.0000000E+00
  0.0000000E+00  0.3333000    
 ------------------------------------------------------------------------------
 num zone      5           6
 radius   0.34000E+00 0.48000E+00
 temper   0.57300E+03 0.57300E+03
 rez_izot    bad         bad 
 ------------------------------------------------------------------------------
    izotop   /             concentration number of izotops=68
  1 *h*      0.00000E+00 0.46550E-01
  2 *o*      0.00000E+00 0.23270E-01
  3 zr       0.11680E-01 0.00000E+00
  6 o        0.27570E-01 0.00000E+00
 11 gd55     0.24993E-02 0.00000E+00
 12 gd57     0.27051E-02 0.00000E+00
 21 slag     0.18130E-03 0.00000E+00
 30 gd56     0.21929E-03 0.00000E+00
 ------------------------------------------------------------------------------
  number of cells =           6
          cell number    4  number of zone= 2
 << geometry characteristics >>
    geometry of cell- cilindrical index=           2
  kratnost of cell =   6.000000    
  inner radius of cell =  0.0000000E+00
  out square ratio =  0.0000000E+00  0.6666000      0.0000000E+00  0.0000000E+00
  0.3333000      0.0000000E+00
 ------------------------------------------------------------------------------
 num zone      7           8
 radius   0.22500E+00 0.48000E+00
 temper   0.57300E+03 0.57300E+03
 rez_izot    bad         bad 
 ------------------------------------------------------------------------------
    izotop   /             concentration number of izotops=68
  1 *h*      0.00000E+00 0.46550E-01
  2 *o*      0.00000E+00 0.23270E-01
  3 zr       0.16940E-01 0.00000E+00
  6 o        0.22920E-01 0.00000E+00
 11 gd55     0.20771E-02 0.00000E+00
 12 gd57     0.22352E-02 0.00000E+00
 21 slag     0.16485E-03 0.00000E+00
 30 gd56     0.18383E-03 0.00000E+00
 ------------------------------------------------------------------------------
  number of cells =           6
          cell number    5  number of zone= 2
 << geometry characteristics >>
    geometry of cell- cilindrical index=           2
  kratnost of cell =   7.000000    
  inner radius of cell =  0.0000000E+00
  out square ratio =  0.0000000E+00  0.2857000      0.0000000E+00  0.2857000    
  0.4286000      0.0000000E+00
 ------------------------------------------------------------------------------
 num zone      9          10
 radius   0.34000E+00 0.48000E+00
 temper   0.57300E+03 0.57300E+03
 rez_izot    bad         bad 
 ------------------------------------------------------------------------------
    izotop   /             concentration number of izotops=68
  1 *h*      0.00000E+00 0.46550E-01
  2 *o*      0.00000E+00 0.23270E-01
  3 zr       0.11680E-01 0.00000E+00
  9 b-10     0.16171E-01 0.00000E+00
 10 c        0.20990E-01 0.00000E+00
 ------------------------------------------------------------------------------
  number of cells =           6
          cell number    6  number of zone= 2
 << geometry characteristics >>
    geometry of cell- cilindrical index=           2
  kratnost of cell =   1.000000    
  inner radius of cell =  0.0000000E+00
  out square ratio =  0.3611000      0.0000000E+00  8.3300002E-02  0.0000000E+00
  0.0000000E+00  0.5555000    
 ------------------------------------------------------------------------------
 num zone     11          12
 radius   0.39000E+00 0.48000E+00
 temper   0.57300E+03 0.57300E+03
 rez_izot    bad         bad 
 ------------------------------------------------------------------------------
    izotop   /             concentration number of izotops=68
  1 *h*      0.00000E+00 0.46550E-01
  2 *o*      0.00000E+00 0.23270E-01
  3 zr       0.42580E-01 0.00000E+00
:fier                                                                           
 condensation boundary was changed from  0.21500E+01 to  0.21544E+01
*** 4 *** ;egr=  2.1544    
    keff         nu           mu           fi           teta
  0.93011       1.1491       3.3590      0.31080      0.77531    
 s0z(n)=   0.7948517      0.0000000E+00   1.012154      0.0000000E+00
  0.0000000E+00  0.0000000E+00  0.0000000E+00  0.0000000E+00  0.0000000E+00
  0.0000000E+00  0.0000000E+00  0.0000000E+00
:burn                                                                           
 *** average burn up =   19.980     (mbt*day)/(kg hm)
    > CONSYST Program Ver: 98.01 > started at  0: 0: 0:  
    { Manturov G., E-mail: abbn@ippe.rssi.ru}
 
       -------------------------------
 
       CONSYST INPUT DATA READ FROM : cons.dat
       CONSYST PROTOCOL STORED IN   : RESULT
       GMF X-SECTION'S FILE         : OUT
       TEMPORARY FILE               : RAB
       ABBN BASIC DATA SET FROM     : .\get-93\bin\Bnab90.lib
       ABBN MULTIC DATA SET FROM    : .\get-93\bin\Bnabmlt.lib
       ABBN THERMAL DATA SET FROM   : .\get-93\bin\BNABTHM.lib
 
    >>  K-inf(MLT)= 1.56153 Balance= 1.00257 NU= 2.98 FI-Sum=  1.03E+02
    >   Include Thermal Matrix > H(H2O):BNABTHM.BIN   Temp=  500K
    >   Include Thermal Matrix > H(H2O):BNABTHM.BIN   Temp=  600K
    >>  K-inf(MLT)= 1.56695 Balance= 1.00252 NU= 2.98 FI-Sum=  1.03E+02
    >   Include Thermal Matrix > H(H2O):BNABTHM.BIN   Temp=  500K
    >   Include Thermal Matrix > H(H2O):BNABTHM.BIN   Temp=  600K
    >   Include Thermal Matrix > H(H2O):BNABTHM.BIN   Temp=  500K
    >   Include Thermal Matrix > H(H2O):BNABTHM.BIN   Temp=  600K
    >   Include Thermal Matrix > H(H2O):BNABTHM.BIN   Temp=  500K
    >   Include Thermal Matrix > H(H2O):BNABTHM.BIN   Temp=  600K
    >   Include Thermal Matrix > H(H2O):BNABTHM.BIN   Temp=  500K
    >   Include Thermal Matrix > H(H2O):BNABTHM.BIN   Temp=  600K
    >   Include Thermal Matrix > H(H2O):BNABTHM.BIN   Temp=  500K
    >   Include Thermal Matrix > H(H2O):BNABTHM.BIN   Temp=  600K
    > CONSYST finished at  0: 0: 0:  
 therm. calculation avoided
 therm. calculation avoided
 therm. calculation avoided
 therm. calculation avoided
 therm. calculation avoided
 therm. calculation avoided
 therm. calculation avoided
 therm. calculation avoided
 *************************************************
   ***k(inf)=0.909880     ***k(itt)=0.937216     ***k(integ)=0.909880    ***
   **bakl=  0.0000     **length= 0.10000E+11  ***
   **matr.  alout*alcorr a(k,i)(k=1,ncel) ***
     * 0.58820     0.13720     0.11760      0.0000      0.0000     0.15860    
     * 0.38880     0.33330      0.0000     0.22220     0.55500E-01  0.0000    
     * 0.66660      0.0000      0.0000      0.0000      0.0000     0.33330    
     *  0.0000     0.66660      0.0000      0.0000     0.33330      0.0000    
     *  0.0000     0.28570      0.0000     0.28570     0.42860      0.0000    
     * 0.36110      0.0000     0.83300E-01  0.0000      0.0000     0.55550    
 lokal kner      in cell ,ru=           1=   1.025740       1.026117    
 lokal kner      in cell ,ru=           2=  0.9270691      0.9260013    
 lokal kner      in cell ,ru=           3=  0.0000000E+00   1.291794    
 lokal kner      in cell ,ru=           4=  0.0000000E+00  0.4957805    
 lokal kner      in cell ,ru=           5=  0.0000000E+00   1.776971    
 lokal kner      in cell ,ru=           6=  0.0000000E+00  0.6114177    
:corr                                                                           
 ------------------------------------------------------------------------------
  backling =  0.0000000E+00
 ------------------------------------------------------------------------------
  number of cells =           6
          cell number    1  number of zone= 2
 << geometry characteristics >>
    geometry of cell- cilindrical index=           2
  kratnost of cell =   51.00000    
  inner radius of cell =  0.0000000E+00
  out square ratio =  0.5882000      0.1372000      0.1176000      0.0000000E+00
  0.0000000E+00  0.1586000    
 ------------------------------------------------------------------------------
 num zone      1           2
 radius   0.34000E+00 0.48000E+00
 temper   0.57300E+03 0.57300E+03
 rez_izot    u238        bad 
 ------------------------------------------------------------------------------
    izotop   /             concentration number of izotops=68
  1 *h*      0.00000E+00 0.46550E-01
  2 *o*      0.00000E+00 0.23270E-01
  3 zr       0.11680E-01 0.00000E+00
  5 u238     0.96038E-02 0.00000E+00
  6 o        0.26970E-01 0.00000E+00
  8 al       0.19000E-01 0.00000E+00
 11 gd55     0.26231E-07 0.00000E+00
 12 gd57     0.93898E-07 0.00000E+00
 15 pu39     0.17752E-02 0.00000E+00
 16 pu40     0.90046E-03 0.00000E+00
 17 pu41     0.53251E-03 0.00000E+00
 21 slag     0.10521E-03 0.00000E+00
 22 tc99     0.17071E-04 0.00000E+00
 23 rh03     0.17463E-04 0.00000E+00
 24 ag09     0.35762E-05 0.00000E+00
 25 cd13     0.16422E-06 0.00000E+00
 26 xe35     0.25399E-07 0.00000E+00
 27 sm49     0.16295E-05 0.00000E+00
 28 sm51     0.17627E-05 0.00000E+00
 29 eu55     0.29721E-06 0.00000E+00
 30 gd56     0.31720E-06 0.00000E+00
 31 np37     0.22433E-07 0.00000E+00
 32 np39     0.80694E-06 0.00000E+00
 33 pu38     0.84500E-06 0.00000E+00
 34 pu42     0.20845E-04 0.00000E+00
 35 am41     0.25557E-04 0.00000E+00
 36 am2m     0.24094E-06 0.00000E+00
 37 am43     0.18245E-05 0.00000E+00
 38 cm42     0.13207E-05 0.00000E+00
 39 cm44     0.17085E-06 0.00000E+00
 40 cm45     0.47757E-08 0.00000E+00
 45 sm52     0.19564E-05 0.00000E+00
 46 xe31     0.93212E-05 0.00000E+00
 47 cs33     0.18662E-04 0.00000E+00
 48 nd45     0.88140E-05 0.00000E+00
 49 nd43     0.12554E-04 0.00000E+00
 50 pm47     0.45063E-05 0.00000E+00
 51 mo95     0.13264E-04 0.00000E+00
 52 cs34     0.60515E-06 0.00000E+00
 53 pr41     0.14867E-04 0.00000E+00
 54 pm48     0.17345E-07 0.00000E+00
 55 pm8m     0.91706E-07 0.00000E+00
 56 rh05     0.80049E-07 0.00000E+00
 57 pm49     0.32455E-07 0.00000E+00
 58 kr83     0.78368E-06 0.00000E+00
 59 ru01     0.14203E-04 0.00000E+00
 60 pd05     0.15071E-04 0.00000E+00
 61 cs35     0.18796E-04 0.00000E+00
 62 sm50     0.22381E-05 0.00000E+00
 63 eu51     0.46053E-07 0.00000E+00
 64 eu53     0.34441E-06 0.00000E+00
 65 eu54     0.32359E-07 0.00000E+00
 66 gd54     0.73361E-09 0.00000E+00
 67 am42     0.12300E-07 0.00000E+00
 68 cm43     0.15071E-07 0.00000E+00
 ------------------------------------------------------------------------------
  number of cells =           6
          cell number    2  number of zone= 2
 << geometry characteristics >>
    geometry of cell- cilindrical index=           2
  kratnost of cell =   18.00000    
  inner radius of cell =  0.0000000E+00
  out square ratio =  0.3888000      0.3333000      0.0000000E+00  0.2222000    
  5.5500001E-02  0.0000000E+00
 ------------------------------------------------------------------------------
 num zone      3           4
 radius   0.34000E+00 0.48000E+00
 temper   0.57300E+03 0.57300E+03
 rez_izot    u238        bad 
 ------------------------------------------------------------------------------
    izotop   /             concentration number of izotops=68
  1 *h*      0.00000E+00 0.46550E-01
  2 *o*      0.00000E+00 0.23270E-01
  3 zr       0.11680E-01 0.00000E+00
  5 u238     0.96080E-02 0.00000E+00
  6 o        0.26970E-01 0.00000E+00
  8 al       0.19000E-01 0.00000E+00
 11 gd55     0.26143E-07 0.00000E+00
 12 gd57     0.99744E-07 0.00000E+00
 15 pu39     0.18007E-02 0.00000E+00
 16 pu40     0.90306E-03 0.00000E+00
 17 pu41     0.53127E-03 0.00000E+00
 21 slag     0.93973E-04 0.00000E+00
 22 tc99     0.15416E-04 0.00000E+00
 23 rh03     0.15805E-04 0.00000E+00
 24 ag09     0.32483E-05 0.00000E+00
 25 cd13     0.16250E-06 0.00000E+00
 26 xe35     0.23300E-07 0.00000E+00
 27 sm49     0.16894E-05 0.00000E+00
 28 sm51     0.16445E-05 0.00000E+00
 29 eu55     0.28901E-06 0.00000E+00
 30 gd56     0.25935E-06 0.00000E+00
 31 np37     0.22718E-07 0.00000E+00
 32 np39     0.77384E-06 0.00000E+00
 33 pu38     0.74850E-06 0.00000E+00
 34 pu42     0.18548E-04 0.00000E+00
 35 am41     0.25867E-04 0.00000E+00
 36 am2m     0.21819E-06 0.00000E+00
 37 am43     0.14493E-05 0.00000E+00
 38 cm42     0.11716E-05 0.00000E+00
 39 cm44     0.12128E-06 0.00000E+00
 40 cm45     0.30272E-08 0.00000E+00
 45 sm52     0.17409E-05 0.00000E+00
 46 xe31     0.84544E-05 0.00000E+00
 47 cs33     0.16860E-04 0.00000E+00
 48 nd45     0.79661E-05 0.00000E+00
 49 nd43     0.11333E-04 0.00000E+00
 50 pm47     0.41418E-05 0.00000E+00
 51 mo95     0.11972E-04 0.00000E+00
 52 cs34     0.49113E-06 0.00000E+00
 53 pr41     0.13409E-04 0.00000E+00
 54 pm48     0.14163E-07 0.00000E+00
 55 pm8m     0.76486E-07 0.00000E+00
 56 rh05     0.72272E-07 0.00000E+00
 57 pm49     0.29181E-07 0.00000E+00
 58 kr83     0.70976E-06 0.00000E+00
 59 ru01     0.12801E-04 0.00000E+00
 60 pd05     0.13565E-04 0.00000E+00
 61 cs35     0.17180E-04 0.00000E+00
 62 sm50     0.17949E-05 0.00000E+00
 63 eu51     0.34621E-07 0.00000E+00
 64 eu53     0.27295E-06 0.00000E+00
 65 eu54     0.23214E-07 0.00000E+00
 66 gd54     0.52503E-09 0.00000E+00
 67 am42     0.10938E-07 0.00000E+00
 68 cm43     0.12503E-07 0.00000E+00
 ------------------------------------------------------------------------------
  number of cells =           6
          cell number    3  number of zone= 2
 << geometry characteristics >>
    geometry of cell- cilindrical index=           2
  kratnost of cell =   9.000000    
  inner radius of cell =  0.0000000E+00
  out square ratio =  0.6666000      0.0000000E+00  0.0000000E+00  0.0000000E+00
  0.0000000E+00  0.3333000    
 ------------------------------------------------------------------------------
 num zone      5           6
 radius   0.34000E+00 0.48000E+00
 temper   0.57300E+03 0.57300E+03
 rez_izot    bad         bad 
 ------------------------------------------------------------------------------
    izotop   /             concentration number of izotops=68
  1 *h*      0.00000E+00 0.46550E-01
  2 *o*      0.00000E+00 0.23270E-01
  3 zr       0.11680E-01 0.00000E+00
  6 o        0.27570E-01 0.00000E+00
 11 gd55     0.22846E-02 0.00000E+00
 12 gd57     0.25271E-02 0.00000E+00
 21 slag     0.36344E-03 0.00000E+00
 30 gd56     0.42985E-03 0.00000E+00
 ------------------------------------------------------------------------------
  number of cells =           6
          cell number    4  number of zone= 2
 << geometry characteristics >>
    geometry of cell- cilindrical index=           2
  kratnost of cell =   6.000000    
  inner radius of cell =  0.0000000E+00
  out square ratio =  0.0000000E+00  0.6666000      0.0000000E+00  0.0000000E+00
  0.3333000      0.0000000E+00
 ------------------------------------------------------------------------------
 num zone      7           8
 radius   0.22500E+00 0.48000E+00
 temper   0.57300E+03 0.57300E+03
 rez_izot    bad         bad 
 ------------------------------------------------------------------------------
    izotop   /             concentration number of izotops=68
  1 *h*      0.00000E+00 0.46550E-01
  2 *o*      0.00000E+00 0.23270E-01
  3 zr       0.16940E-01 0.00000E+00
  6 o        0.22920E-01 0.00000E+00
 11 gd55     0.18974E-02 0.00000E+00
 12 gd57     0.20736E-02 0.00000E+00
 21 slag     0.32983E-03 0.00000E+00
 30 gd56     0.36023E-03 0.00000E+00
 ------------------------------------------------------------------------------
  number of cells =           6
          cell number    5  number of zone= 2
 << geometry characteristics >>
    geometry of cell- cilindrical index=           2
  kratnost of cell =   7.000000    
  inner radius of cell =  0.0000000E+00
  out square ratio =  0.0000000E+00  0.2857000      0.0000000E+00  0.2857000    
  0.4286000      0.0000000E+00
 ------------------------------------------------------------------------------
 num zone      9          10
 radius   0.34000E+00 0.48000E+00
 temper   0.57300E+03 0.57300E+03
 rez_izot    bad         bad 
 ------------------------------------------------------------------------------
    izotop   /             concentration number of izotops=68
  1 *h*      0.00000E+00 0.46550E-01
  2 *o*      0.00000E+00 0.23270E-01
  3 zr       0.11680E-01 0.00000E+00
  9 b-10     0.15619E-01 0.00000E+00
 10 c        0.20990E-01 0.00000E+00
 ------------------------------------------------------------------------------
  number of cells =           6
          cell number    6  number of zone= 2
 << geometry characteristics >>
    geometry of cell- cilindrical index=           2
  kratnost of cell =   1.000000    
  inner radius of cell =  0.0000000E+00
  out square ratio =  0.3611000      0.0000000E+00  8.3300002E-02  0.0000000E+00
  0.0000000E+00  0.5555000    
 ------------------------------------------------------------------------------
 num zone     11          12
 radius   0.39000E+00 0.48000E+00
 temper   0.57300E+03 0.57300E+03
 rez_izot    bad         bad 
 ------------------------------------------------------------------------------
    izotop   /             concentration number of izotops=68
  1 *h*      0.00000E+00 0.46550E-01
  2 *o*      0.00000E+00 0.23270E-01
  3 zr       0.42580E-01 0.00000E+00
:fier                                                                           
 condensation boundary was changed from  0.21500E+01 to  0.21544E+01
*** 4 *** ;egr=  2.1544    
    keff         nu           mu           fi           teta
  0.90988       1.1211       3.3276      0.31367      0.77760    
 s0z(n)=   0.7948517      0.0000000E+00   1.012154      0.0000000E+00
  0.0000000E+00  0.0000000E+00  0.0000000E+00  0.0000000E+00  0.0000000E+00
  0.0000000E+00  0.0000000E+00  0.0000000E+00
:burn                                                                           
 *** average burn up =   30.148     (mbt*day)/(kg hm)
    > CONSYST Program Ver: 98.01 > started at  0: 0: 0:  
    { Manturov G., E-mail: abbn@ippe.rssi.ru}
 
       -------------------------------
 
       CONSYST INPUT DATA READ FROM : cons.dat
       CONSYST PROTOCOL STORED IN   : RESULT
       GMF X-SECTION'S FILE         : OUT
       TEMPORARY FILE               : RAB
       ABBN BASIC DATA SET FROM     : .\get-93\bin\Bnab90.lib
       ABBN MULTIC DATA SET FROM    : .\get-93\bin\Bnabmlt.lib
       ABBN THERMAL DATA SET FROM   : .\get-93\bin\BNABTHM.lib
 
    >>  K-inf(MLT)= 1.52655 Balance= 1.00279 NU= 2.98 FI-Sum=  1.04E+02
    >   Include Thermal Matrix > H(H2O):BNABTHM.BIN   Temp=  500K
    >   Include Thermal Matrix > H(H2O):BNABTHM.BIN   Temp=  600K
    >>  K-inf(MLT)= 1.53548 Balance= 1.00272 NU= 2.98 FI-Sum=  1.04E+02
    >   Include Thermal Matrix > H(H2O):BNABTHM.BIN   Temp=  500K
    >   Include Thermal Matrix > H(H2O):BNABTHM.BIN   Temp=  600K
    >   Include Thermal Matrix > H(H2O):BNABTHM.BIN   Temp=  500K
    >   Include Thermal Matrix > H(H2O):BNABTHM.BIN   Temp=  600K
    >   Include Thermal Matrix > H(H2O):BNABTHM.BIN   Temp=  500K
    >   Include Thermal Matrix > H(H2O):BNABTHM.BIN   Temp=  600K
    >   Include Thermal Matrix > H(H2O):BNABTHM.BIN   Temp=  500K
    >   Include Thermal Matrix > H(H2O):BNABTHM.BIN   Temp=  600K
    >   Include Thermal Matrix > H(H2O):BNABTHM.BIN   Temp=  500K
    >   Include Thermal Matrix > H(H2O):BNABTHM.BIN   Temp=  600K
    > CONSYST finished at  0: 0: 0:  
 therm. calculation avoided
 therm. calculation avoided
 therm. calculation avoided
 therm. calculation avoided
 therm. calculation avoided
 therm. calculation avoided
 therm. calculation avoided
 therm. calculation avoided
 *************************************************
   ***k(inf)=0.892307     ***k(itt)=0.919191     ***k(integ)=0.892307    ***
   **bakl=  0.0000     **length= 0.10000E+11  ***
   **matr.  alout*alcorr a(k,i)(k=1,ncel) ***
     * 0.58820     0.13720     0.11760      0.0000      0.0000     0.15860    
     * 0.38880     0.33330      0.0000     0.22220     0.55500E-01  0.0000    
     * 0.66660      0.0000      0.0000      0.0000      0.0000     0.33330    
     *  0.0000     0.66660      0.0000      0.0000     0.33330      0.0000    
     *  0.0000     0.28570      0.0000     0.28570     0.42860      0.0000    
     * 0.36110      0.0000     0.83300E-01  0.0000      0.0000     0.55550    
 lokal kner      in cell ,ru=           1=   1.025026       1.025802    
 lokal kner      in cell ,ru=           2=  0.9290936      0.9268942    
 lokal kner      in cell ,ru=           3=  0.0000000E+00   1.244300    
 lokal kner      in cell ,ru=           4=  0.0000000E+00  0.4766233    
 lokal kner      in cell ,ru=           5=  0.0000000E+00   1.755708    
 lokal kner      in cell ,ru=           6=  0.0000000E+00  0.6104184    
:corr                                                                           
 ------------------------------------------------------------------------------
  backling =  0.0000000E+00
 ------------------------------------------------------------------------------
  number of cells =           6
          cell number    1  number of zone= 2
 << geometry characteristics >>
    geometry of cell- cilindrical index=           2
  kratnost of cell =   51.00000    
  inner radius of cell =  0.0000000E+00
  out square ratio =  0.5882000      0.1372000      0.1176000      0.0000000E+00
  0.0000000E+00  0.1586000    
 ------------------------------------------------------------------------------
 num zone      1           2
 radius   0.34000E+00 0.48000E+00
 temper   0.57300E+03 0.57300E+03
 rez_izot    u238        bad 
 ------------------------------------------------------------------------------
    izotop   /             concentration number of izotops=68
  1 *h*      0.00000E+00 0.46550E-01
  2 *o*      0.00000E+00 0.23270E-01
  3 zr       0.11680E-01 0.00000E+00
  5 u238     0.95479E-02 0.00000E+00
  6 o        0.26970E-01 0.00000E+00
  8 al       0.19000E-01 0.00000E+00
 11 gd55     0.41119E-07 0.00000E+00
 12 gd57     0.98880E-07 0.00000E+00
 15 pu39     0.16848E-02 0.00000E+00
 16 pu40     0.89510E-03 0.00000E+00
 17 pu41     0.51757E-03 0.00000E+00
 21 slag     0.16189E-03 0.00000E+00
 22 tc99     0.25237E-04 0.00000E+00
 23 rh03     0.25557E-04 0.00000E+00
 24 ag09     0.50261E-05 0.00000E+00
 25 cd13     0.19263E-06 0.00000E+00
 26 xe35     0.25287E-07 0.00000E+00
 27 sm49     0.17492E-05 0.00000E+00
 28 sm51     0.22990E-05 0.00000E+00
 29 eu55     0.33608E-06 0.00000E+00
 30 gd56     0.58672E-06 0.00000E+00
 31 np37     0.46850E-07 0.00000E+00
 32 np39     0.82993E-06 0.00000E+00
 33 pu38     0.23459E-05 0.00000E+00
 34 pu42     0.30497E-04 0.00000E+00
 35 am41     0.35598E-04 0.00000E+00
 36 am2m     0.48047E-06 0.00000E+00
 37 am43     0.36942E-05 0.00000E+00
 38 cm42     0.23363E-05 0.00000E+00
 39 cm44     0.52516E-06 0.00000E+00
 40 cm45     0.22429E-07 0.00000E+00
 45 sm52     0.29548E-05 0.00000E+00
 46 xe31     0.13406E-04 0.00000E+00
 47 cs33     0.27457E-04 0.00000E+00
 48 nd45     0.13050E-04 0.00000E+00
 49 nd43     0.18652E-04 0.00000E+00
 50 pm47     0.58382E-05 0.00000E+00
 51 mo95     0.19721E-04 0.00000E+00
 52 cs34     0.12819E-05 0.00000E+00
 53 pr41     0.22254E-04 0.00000E+00
 54 pm48     0.22806E-07 0.00000E+00
 55 pm8m     0.12466E-06 0.00000E+00
 56 rh05     0.79864E-07 0.00000E+00
 57 pm49     0.32903E-07 0.00000E+00
 58 kr83     0.11626E-05 0.00000E+00
 59 ru01     0.21125E-04 0.00000E+00
 60 pd05     0.22435E-04 0.00000E+00
 61 cs35     0.28015E-04 0.00000E+00
 62 sm50     0.40534E-05 0.00000E+00
 63 eu51     0.11790E-06 0.00000E+00
 64 eu53     0.77737E-06 0.00000E+00
 65 eu54     0.10738E-06 0.00000E+00
 66 gd54     0.36682E-08 0.00000E+00
 67 am42     0.17607E-07 0.00000E+00
 68 cm43     0.40837E-07 0.00000E+00
 ------------------------------------------------------------------------------
  number of cells =           6
          cell number    2  number of zone= 2
 << geometry characteristics >>
    geometry of cell- cilindrical index=           2
  kratnost of cell =   18.00000    
  inner radius of cell =  0.0000000E+00
  out square ratio =  0.3888000      0.3333000      0.0000000E+00  0.2222000    
  5.5500001E-02  0.0000000E+00
 ------------------------------------------------------------------------------
 num zone      3           4
 radius   0.34000E+00 0.48000E+00
 temper   0.57300E+03 0.57300E+03
 rez_izot    u238        bad 
 ------------------------------------------------------------------------------
    izotop   /             concentration number of izotops=68
  1 *h*      0.00000E+00 0.46550E-01
  2 *o*      0.00000E+00 0.23270E-01
  3 zr       0.11680E-01 0.00000E+00
  5 u238     0.95541E-02 0.00000E+00
  6 o        0.26970E-01 0.00000E+00
  8 al       0.19000E-01 0.00000E+00
 11 gd55     0.42936E-07 0.00000E+00
 12 gd57     0.10917E-06 0.00000E+00
 15 pu39     0.17218E-02 0.00000E+00
 16 pu40     0.89956E-03 0.00000E+00
 17 pu41     0.51573E-03 0.00000E+00
 21 slag     0.14455E-03 0.00000E+00
 22 tc99     0.22863E-04 0.00000E+00
 23 rh03     0.23244E-04 0.00000E+00
 24 ag09     0.46029E-05 0.00000E+00
 25 cd13     0.19878E-06 0.00000E+00
 26 xe35     0.23290E-07 0.00000E+00
 27 sm49     0.18860E-05 0.00000E+00
 28 sm51     0.21855E-05 0.00000E+00
 29 eu55     0.33419E-06 0.00000E+00
 30 gd56     0.48696E-06 0.00000E+00
 31 np37     0.47748E-07 0.00000E+00
 32 np39     0.79660E-06 0.00000E+00
 33 pu38     0.20891E-05 0.00000E+00
 34 pu42     0.27219E-04 0.00000E+00
 35 am41     0.36243E-04 0.00000E+00
 36 am2m     0.44230E-06 0.00000E+00
 37 am43     0.29700E-05 0.00000E+00
 38 cm42     0.20863E-05 0.00000E+00
 39 cm44     0.37685E-06 0.00000E+00
 40 cm45     0.14396E-07 0.00000E+00
 45 sm52     0.26431E-05 0.00000E+00
 46 xe31     0.12232E-04 0.00000E+00
 47 cs33     0.24896E-04 0.00000E+00
 48 nd45     0.11830E-04 0.00000E+00
 49 nd43     0.16884E-04 0.00000E+00
 50 pm47     0.54188E-05 0.00000E+00
 51 mo95     0.17845E-04 0.00000E+00
 52 cs34     0.10451E-05 0.00000E+00
 53 pr41     0.20110E-04 0.00000E+00
 54 pm48     0.18850E-07 0.00000E+00
 55 pm8m     0.10554E-06 0.00000E+00
 56 rh05     0.72323E-07 0.00000E+00
 57 pm49     0.29590E-07 0.00000E+00
 58 kr83     0.10561E-05 0.00000E+00
 59 ru01     0.19083E-04 0.00000E+00
 60 pd05     0.20239E-04 0.00000E+00
 61 cs35     0.25669E-04 0.00000E+00
 62 sm50     0.33507E-05 0.00000E+00
 63 eu51     0.90773E-07 0.00000E+00
 64 eu53     0.61948E-06 0.00000E+00
 65 eu54     0.77677E-07 0.00000E+00
 66 gd54     0.26413E-08 0.00000E+00
 67 am42     0.15775E-07 0.00000E+00
 68 cm43     0.34264E-07 0.00000E+00
 ------------------------------------------------------------------------------
  number of cells =           6
          cell number    3  number of zone= 2
 << geometry characteristics >>
    geometry of cell- cilindrical index=           2
  kratnost of cell =   9.000000    
  inner radius of cell =  0.0000000E+00
  out square ratio =  0.6666000      0.0000000E+00  0.0000000E+00  0.0000000E+00
  0.0000000E+00  0.3333000    
 ------------------------------------------------------------------------------
 num zone      5           6
 radius   0.34000E+00 0.48000E+00
 temper   0.57300E+03 0.57300E+03
 rez_izot    bad         bad 
 ------------------------------------------------------------------------------
    izotop   /             concentration number of izotops=68
  1 *h*      0.00000E+00 0.46550E-01
  2 *o*      0.00000E+00 0.23270E-01
  3 zr       0.11680E-01 0.00000E+00
  6 o        0.27570E-01 0.00000E+00
 11 gd55     0.20775E-02 0.00000E+00
 12 gd57     0.23521E-02 0.00000E+00
 21 slag     0.54559E-03 0.00000E+00
 30 gd56     0.62983E-03 0.00000E+00
 ------------------------------------------------------------------------------
  number of cells =           6
          cell number    4  number of zone= 2
 << geometry characteristics >>
    geometry of cell- cilindrical index=           2
  kratnost of cell =   6.000000    
  inner radius of cell =  0.0000000E+00
  out square ratio =  0.0000000E+00  0.6666000      0.0000000E+00  0.0000000E+00
  0.3333000      0.0000000E+00
 ------------------------------------------------------------------------------
 num zone      7           8
 radius   0.22500E+00 0.48000E+00
 temper   0.57300E+03 0.57300E+03
 rez_izot    bad         bad 
 ------------------------------------------------------------------------------
    izotop   /             concentration number of izotops=68
  1 *h*      0.00000E+00 0.46550E-01
  2 *o*      0.00000E+00 0.23270E-01
  3 zr       0.16940E-01 0.00000E+00
  6 o        0.22920E-01 0.00000E+00
 11 gd55     0.17243E-02 0.00000E+00
 12 gd57     0.19148E-02 0.00000E+00
 21 slag     0.49415E-03 0.00000E+00
 30 gd56     0.52770E-03 0.00000E+00
 ------------------------------------------------------------------------------
  number of cells =           6
          cell number    5  number of zone= 2
 << geometry characteristics >>
    geometry of cell- cilindrical index=           2
  kratnost of cell =   7.000000    
  inner radius of cell =  0.0000000E+00
  out square ratio =  0.0000000E+00  0.2857000      0.0000000E+00  0.2857000    
  0.4286000      0.0000000E+00
 ------------------------------------------------------------------------------
 num zone      9          10
 radius   0.34000E+00 0.48000E+00
 temper   0.57300E+03 0.57300E+03
 rez_izot    bad         bad 
 ------------------------------------------------------------------------------
    izotop   /             concentration number of izotops=68
  1 *h*      0.00000E+00 0.46550E-01
  2 *o*      0.00000E+00 0.23270E-01
  3 zr       0.11680E-01 0.00000E+00
  9 b-10     0.15057E-01 0.00000E+00
 10 c        0.20990E-01 0.00000E+00
 ------------------------------------------------------------------------------
  number of cells =           6
          cell number    6  number of zone= 2
 << geometry characteristics >>
    geometry of cell- cilindrical index=           2
  kratnost of cell =   1.000000    
  inner radius of cell =  0.0000000E+00
  out square ratio =  0.3611000      0.0000000E+00  8.3300002E-02  0.0000000E+00
  0.0000000E+00  0.5555000    
 ------------------------------------------------------------------------------
 num zone     11          12
 radius   0.39000E+00 0.48000E+00
 temper   0.57300E+03 0.57300E+03
 rez_izot    bad         bad 
 ------------------------------------------------------------------------------
    izotop   /             concentration number of izotops=68
  1 *h*      0.00000E+00 0.46550E-01
  2 *o*      0.00000E+00 0.23270E-01
  3 zr       0.42580E-01 0.00000E+00
:fier                                                                           
 condensation boundary was changed from  0.21500E+01 to  0.21544E+01
*** 4 *** ;egr=  2.1544    
    keff         nu           mu           fi           teta
  0.89231       1.0998       3.2818      0.31709      0.77963    
 s0z(n)=   0.7948517      0.0000000E+00   1.012154      0.0000000E+00
  0.0000000E+00  0.0000000E+00  0.0000000E+00  0.0000000E+00  0.0000000E+00
  0.0000000E+00  0.0000000E+00  0.0000000E+00
:burn                                                                           
 *** average burn up =   37.891     (mbt*day)/(kg hm)
    > CONSYST Program Ver: 98.01 > started at  0: 0: 0:  
    { Manturov G., E-mail: abbn@ippe.rssi.ru}
 
       -------------------------------
 
       CONSYST INPUT DATA READ FROM : cons.dat
       CONSYST PROTOCOL STORED IN   : RESULT
       GMF X-SECTION'S FILE         : OUT
       TEMPORARY FILE               : RAB
       ABBN BASIC DATA SET FROM     : .\get-93\bin\Bnab90.lib
       ABBN MULTIC DATA SET FROM    : .\get-93\bin\Bnabmlt.lib
       ABBN THERMAL DATA SET FROM   : .\get-93\bin\BNABTHM.lib
 
    >>  K-inf(MLT)= 1.50043 Balance= 1.00295 NU= 2.98 FI-Sum=  1.05E+02
    >   Include Thermal Matrix > H(H2O):BNABTHM.BIN   Temp=  500K
    >   Include Thermal Matrix > H(H2O):BNABTHM.BIN   Temp=  600K
    >>  K-inf(MLT)= 1.51200 Balance= 1.00287 NU= 2.98 FI-Sum=  1.05E+02
    >   Include Thermal Matrix > H(H2O):BNABTHM.BIN   Temp=  500K
    >   Include Thermal Matrix > H(H2O):BNABTHM.BIN   Temp=  600K
    >   Include Thermal Matrix > H(H2O):BNABTHM.BIN   Temp=  500K
    >   Include Thermal Matrix > H(H2O):BNABTHM.BIN   Temp=  600K
    >   Include Thermal Matrix > H(H2O):BNABTHM.BIN   Temp=  500K
    >   Include Thermal Matrix > H(H2O):BNABTHM.BIN   Temp=  600K
    >   Include Thermal Matrix > H(H2O):BNABTHM.BIN   Temp=  500K
    >   Include Thermal Matrix > H(H2O):BNABTHM.BIN   Temp=  600K
    >   Include Thermal Matrix > H(H2O):BNABTHM.BIN   Temp=  500K
    >   Include Thermal Matrix > H(H2O):BNABTHM.BIN   Temp=  600K
    > CONSYST finished at  0: 0: 0:  
 therm. calculation avoided
 therm. calculation avoided
 therm. calculation avoided
 therm. calculation avoided
 therm. calculation avoided
 therm. calculation avoided
 therm. calculation avoided
 therm. calculation avoided
 *************************************************
   ***k(inf)=0.880209     ***k(itt)=0.906788     ***k(integ)=0.880209    ***
   **bakl=  0.0000     **length= 0.10000E+11  ***
   **matr.  alout*alcorr a(k,i)(k=1,ncel) ***
     * 0.58820     0.13720     0.11760      0.0000      0.0000     0.15860    
     * 0.38880     0.33330      0.0000     0.22220     0.55500E-01  0.0000    
     * 0.66660      0.0000      0.0000      0.0000      0.0000     0.33330    
     *  0.0000     0.66660      0.0000      0.0000     0.33330      0.0000    
     *  0.0000     0.28570      0.0000     0.28570     0.42860      0.0000    
     * 0.36110      0.0000     0.83300E-01  0.0000      0.0000     0.55550    
 lokal kner      in cell ,ru=           1=   1.024477       1.025539    
 lokal kner      in cell ,ru=           2=  0.9306479      0.9276395    
 lokal kner      in cell ,ru=           3=  0.0000000E+00   1.208947    
 lokal kner      in cell ,ru=           4=  0.0000000E+00  0.4624081    
 lokal kner      in cell ,ru=           5=  0.0000000E+00   1.739539    
 lokal kner      in cell ,ru=           6=  0.0000000E+00  0.6098291    
:corr                                                                           
 ------------------------------------------------------------------------------
  backling =  0.0000000E+00
 ------------------------------------------------------------------------------
  number of cells =           6
          cell number    1  number of zone= 2
 << geometry characteristics >>
    geometry of cell- cilindrical index=           2
  kratnost of cell =   51.00000    
  inner radius of cell =  0.0000000E+00
  out square ratio =  0.5882000      0.1372000      0.1176000      0.0000000E+00
  0.0000000E+00  0.1586000    
 ------------------------------------------------------------------------------
 num zone      1           2
 radius   0.34000E+00 0.48000E+00
 temper   0.57300E+03 0.57300E+03
 rez_izot    u238        bad 
 ------------------------------------------------------------------------------
    izotop   /             concentration number of izotops=68
  1 *h*      0.00000E+00 0.46550E-01
  2 *o*      0.00000E+00 0.23270E-01
  3 zr       0.11680E-01 0.00000E+00
  5 u238     0.95048E-02 0.00000E+00
  6 o        0.26970E-01 0.00000E+00
  8 al       0.19000E-01 0.00000E+00
 11 gd55     0.49571E-07 0.00000E+00
 12 gd57     0.98671E-07 0.00000E+00
 15 pu39     0.16181E-02 0.00000E+00
 16 pu40     0.89003E-03 0.00000E+00
 17 pu41     0.50714E-03 0.00000E+00
 21 slag     0.20624E-03 0.00000E+00
 22 tc99     0.31231E-04 0.00000E+00
 23 rh03     0.31382E-04 0.00000E+00
 24 ag09     0.59911E-05 0.00000E+00
 25 cd13     0.20099E-06 0.00000E+00
 26 xe35     0.25409E-07 0.00000E+00
 27 sm49     0.17461E-05 0.00000E+00
 28 sm51     0.25893E-05 0.00000E+00
 29 eu55     0.35318E-06 0.00000E+00
 30 gd56     0.81257E-06 0.00000E+00
 31 np37     0.69139E-07 0.00000E+00
 32 np39     0.85300E-06 0.00000E+00
 33 pu38     0.39953E-05 0.00000E+00
 34 pu42     0.37549E-04 0.00000E+00
 35 am41     0.42055E-04 0.00000E+00
 36 am2m     0.68511E-06 0.00000E+00
 37 am43     0.53531E-05 0.00000E+00
 38 cm42     0.31040E-05 0.00000E+00
 39 cm44     0.95968E-06 0.00000E+00
 40 cm45     0.51885E-07 0.00000E+00
 45 sm52     0.36703E-05 0.00000E+00
 46 xe31     0.16243E-04 0.00000E+00
 47 cs33     0.33853E-04 0.00000E+00
 48 nd45     0.16166E-04 0.00000E+00
 49 nd43     0.23166E-04 0.00000E+00
 50 pm47     0.65799E-05 0.00000E+00
 51 mo95     0.24507E-04 0.00000E+00
 52 cs34     0.19182E-05 0.00000E+00
 53 pr41     0.27799E-04 0.00000E+00
 54 pm48     0.26089E-07 0.00000E+00
 55 pm8m     0.14348E-06 0.00000E+00
 56 rh05     0.80529E-07 0.00000E+00
 57 pm49     0.33524E-07 0.00000E+00
 58 kr83     0.14420E-05 0.00000E+00
 59 ru01     0.26260E-04 0.00000E+00
 60 pd05     0.27891E-04 0.00000E+00
 61 cs35     0.34862E-04 0.00000E+00
 62 sm50     0.54956E-05 0.00000E+00
 63 eu51     0.19214E-06 0.00000E+00
 64 eu53     0.12090E-05 0.00000E+00
 65 eu54     0.20604E-06 0.00000E+00
 66 gd54     0.88335E-08 0.00000E+00
 67 am42     0.21397E-07 0.00000E+00
 68 cm43     0.68212E-07 0.00000E+00
 ------------------------------------------------------------------------------
  number of cells =           6
          cell number    2  number of zone= 2
 << geometry characteristics >>
    geometry of cell- cilindrical index=           2
  kratnost of cell =   18.00000    
  inner radius of cell =  0.0000000E+00
  out square ratio =  0.3888000      0.3333000      0.0000000E+00  0.2222000    
  5.5500001E-02  0.0000000E+00
 ------------------------------------------------------------------------------
 num zone      3           4
 radius   0.34000E+00 0.48000E+00
 temper   0.57300E+03 0.57300E+03
 rez_izot    u238        bad 
 ------------------------------------------------------------------------------
    izotop   /             concentration number of izotops=68
  1 *h*      0.00000E+00 0.46550E-01
  2 *o*      0.00000E+00 0.23270E-01
  3 zr       0.11680E-01 0.00000E+00
  5 u238     0.95127E-02 0.00000E+00
  6 o        0.26970E-01 0.00000E+00
  8 al       0.19000E-01 0.00000E+00
 11 gd55     0.53368E-07 0.00000E+00
 12 gd57     0.11082E-06 0.00000E+00
 15 pu39     0.16633E-02 0.00000E+00
 16 pu40     0.89613E-03 0.00000E+00
 17 pu41     0.50488E-03 0.00000E+00
 21 slag     0.18412E-03 0.00000E+00
 22 tc99     0.28358E-04 0.00000E+00
 23 rh03     0.28646E-04 0.00000E+00
 24 ag09     0.55187E-05 0.00000E+00
 25 cd13     0.21336E-06 0.00000E+00
 26 xe35     0.23473E-07 0.00000E+00
 27 sm49     0.19217E-05 0.00000E+00
 28 sm51     0.24953E-05 0.00000E+00
 29 eu55     0.35352E-06 0.00000E+00
 30 gd56     0.68035E-06 0.00000E+00
 31 np37     0.70808E-07 0.00000E+00
 32 np39     0.81947E-06 0.00000E+00
 33 pu38     0.35718E-05 0.00000E+00
 34 pu42     0.33569E-04 0.00000E+00
 35 am41     0.43010E-04 0.00000E+00
 36 am2m     0.63809E-06 0.00000E+00
 37 am43     0.43411E-05 0.00000E+00
 38 cm42     0.27828E-05 0.00000E+00
 39 cm44     0.69435E-06 0.00000E+00
 40 cm45     0.33628E-07 0.00000E+00
 45 sm52     0.33019E-05 0.00000E+00
 46 xe31     0.14885E-04 0.00000E+00
 47 cs33     0.30775E-04 0.00000E+00
 48 nd45     0.14685E-04 0.00000E+00
 49 nd43     0.21010E-04 0.00000E+00
 50 pm47     0.61474E-05 0.00000E+00
 51 mo95     0.22215E-04 0.00000E+00
 52 cs34     0.15693E-05 0.00000E+00
 53 pr41     0.25154E-04 0.00000E+00
 54 pm48     0.21747E-07 0.00000E+00
 55 pm8m     0.12277E-06 0.00000E+00
 56 rh05     0.73060E-07 0.00000E+00
 57 pm49     0.30152E-07 0.00000E+00
 58 kr83     0.13129E-05 0.00000E+00
 59 ru01     0.23760E-04 0.00000E+00
 60 pd05     0.25200E-04 0.00000E+00
 61 cs35     0.32000E-04 0.00000E+00
 62 sm50     0.46228E-05 0.00000E+00
 63 eu51     0.15078E-06 0.00000E+00
 64 eu53     0.96886E-06 0.00000E+00
 65 eu54     0.15017E-06 0.00000E+00
 66 gd54     0.63949E-08 0.00000E+00
 67 am42     0.19246E-07 0.00000E+00
 68 cm43     0.57716E-07 0.00000E+00
 ------------------------------------------------------------------------------
  number of cells =           6
          cell number    3  number of zone= 2
 << geometry characteristics >>
    geometry of cell- cilindrical index=           2
  kratnost of cell =   9.000000    
  inner radius of cell =  0.0000000E+00
  out square ratio =  0.6666000      0.0000000E+00  0.0000000E+00  0.0000000E+00
  0.0000000E+00  0.3333000    
 ------------------------------------------------------------------------------
 num zone      5           6
 radius   0.34000E+00 0.48000E+00
 temper   0.57300E+03 0.57300E+03
 rez_izot    bad         bad 
 ------------------------------------------------------------------------------
    izotop   /             concentration number of izotops=68
  1 *h*      0.00000E+00 0.46550E-01
  2 *o*      0.00000E+00 0.23270E-01
  3 zr       0.11680E-01 0.00000E+00
  6 o        0.27570E-01 0.00000E+00
 11 gd55     0.19267E-02 0.00000E+00
 12 gd57     0.22217E-02 0.00000E+00
 21 slag     0.68323E-03 0.00000E+00
 30 gd56     0.77335E-03 0.00000E+00
 ------------------------------------------------------------------------------
  number of cells =           6
          cell number    4  number of zone= 2
 << geometry characteristics >>
    geometry of cell- cilindrical index=           2
  kratnost of cell =   6.000000    
  inner radius of cell =  0.0000000E+00
  out square ratio =  0.0000000E+00  0.6666000      0.0000000E+00  0.0000000E+00
  0.3333000      0.0000000E+00
 ------------------------------------------------------------------------------
 num zone      7           8
 radius   0.22500E+00 0.48000E+00
 temper   0.57300E+03 0.57300E+03
 rez_izot    bad         bad 
 ------------------------------------------------------------------------------
    izotop   /             concentration number of izotops=68
  1 *h*      0.00000E+00 0.46550E-01
  2 *o*      0.00000E+00 0.23270E-01
  3 zr       0.16940E-01 0.00000E+00
  6 o        0.22920E-01 0.00000E+00
 11 gd55     0.15984E-02 0.00000E+00
 12 gd57     0.17968E-02 0.00000E+00
 21 slag     0.61791E-03 0.00000E+00
 30 gd56     0.64786E-03 0.00000E+00
 ------------------------------------------------------------------------------
  number of cells =           6
          cell number    5  number of zone= 2
 << geometry characteristics >>
    geometry of cell- cilindrical index=           2
  kratnost of cell =   7.000000    
  inner radius of cell =  0.0000000E+00
  out square ratio =  0.0000000E+00  0.2857000      0.0000000E+00  0.2857000    
  0.4286000      0.0000000E+00
 ------------------------------------------------------------------------------
 num zone      9          10
 radius   0.34000E+00 0.48000E+00
 temper   0.57300E+03 0.57300E+03
 rez_izot    bad         bad 
 ------------------------------------------------------------------------------
    izotop   /             concentration number of izotops=68
  1 *h*      0.00000E+00 0.46550E-01
  2 *o*      0.00000E+00 0.23270E-01
  3 zr       0.11680E-01 0.00000E+00
  9 b-10     0.14628E-01 0.00000E+00
 10 c        0.20990E-01 0.00000E+00
 ------------------------------------------------------------------------------
  number of cells =           6
          cell number    6  number of zone= 2
 << geometry characteristics >>
    geometry of cell- cilindrical index=           2
  kratnost of cell =   1.000000    
  inner radius of cell =  0.0000000E+00
  out square ratio =  0.3611000      0.0000000E+00  8.3300002E-02  0.0000000E+00
  0.0000000E+00  0.5555000    
 ------------------------------------------------------------------------------
 num zone     11          12
 radius   0.39000E+00 0.48000E+00
 temper   0.57300E+03 0.57300E+03
 rez_izot    bad         bad 
 ------------------------------------------------------------------------------
    izotop   /             concentration number of izotops=68
  1 *h*      0.00000E+00 0.46550E-01
  2 *o*      0.00000E+00 0.23270E-01
  3 zr       0.42580E-01 0.00000E+00
:fier                                                                           
 condensation boundary was changed from  0.21500E+01 to  0.21544E+01
*** 4 *** ;egr=  2.1544    
    keff         nu           mu           fi           teta
  0.88021       1.0863       3.2425      0.31995      0.78108    
 s0z(n)=   0.7948517      0.0000000E+00   1.012154      0.0000000E+00
  0.0000000E+00  0.0000000E+00  0.0000000E+00  0.0000000E+00  0.0000000E+00
  0.0000000E+00  0.0000000E+00  0.0000000E+00
:stop                                                                           
